{"C:\\Users\\Liam\\OneDrive\\Documents\\code\\tetris\\server\\src\\server.ts": {"path":"C:\\Users\\Liam\\OneDrive\\Documents\\code\\tetris\\server\\src\\server.ts","statementMap":{"0":{"start":{"line":1,"column":0},"end":{"line":1,"column":29}},"1":{"start":{"line":2,"column":0},"end":{"line":2,"column":23}},"2":{"start":{"line":3,"column":0},"end":{"line":3,"column":23}},"3":{"start":{"line":4,"column":0},"end":{"line":4,"column":23}},"4":{"start":{"line":6,"column":0},"end":{"line":6,"column":40}},"5":{"start":{"line":8,"column":0},"end":{"line":8,"column":24}},"6":{"start":{"line":9,"column":0},"end":{"line":9,"column":40}},"7":{"start":{"line":10,"column":0},"end":{"line":10,"column":42}},"8":{"start":{"line":12,"column":17},"end":{"line":12,"column":54}},"9":{"start":{"line":14,"column":0},"end":{"line":16,"column":1}},"10":{"start":{"line":15,"column":1},"end":{"line":15,"column":null}},"11":{"start":{"line":18,"column":12},"end":{"line":18,"column":21}},"12":{"start":{"line":20,"column":0},"end":{"line":20,"column":null}},"13":{"start":{"line":21,"column":0},"end":{"line":21,"column":null}},"14":{"start":{"line":22,"column":0},"end":{"line":26,"column":null}},"15":{"start":{"line":28,"column":0},"end":{"line":28,"column":null}},"16":{"start":{"line":30,"column":0},"end":{"line":30,"column":null}},"17":{"start":{"line":32,"column":0},"end":{"line":43,"column":1}},"18":{"start":{"line":33,"column":29},"end":{"line":33,"column":71}},"19":{"start":{"line":34,"column":1},"end":{"line":34,"column":null}},"20":{"start":{"line":35,"column":1},"end":{"line":37,"column":null}},"21":{"start":{"line":36,"column":2},"end":{"line":36,"column":null}},"22":{"start":{"line":40,"column":1},"end":{"line":42,"column":null}},"23":{"start":{"line":41,"column":2},"end":{"line":41,"column":null}},"24":{"start":{"line":45,"column":13},"end":{"line":45,"column":null}}},"fnMap":{"0":{"name":"(anonymous_1)","decl":{"start":{"line":35,"column":14},"end":{"line":35,"column":15}},"loc":{"start":{"line":35,"column":27},"end":{"line":37,"column":2}}},"1":{"name":"(anonymous_2)","decl":{"start":{"line":40,"column":14},"end":{"line":40,"column":15}},"loc":{"start":{"line":40,"column":27},"end":{"line":42,"column":2}}}},"branchMap":{"0":{"loc":{"start":{"line":12,"column":17},"end":{"line":12,"column":54}},"type":"binary-expr","locations":[{"start":{"line":12,"column":17},"end":{"line":12,"column":37}},{"start":{"line":12,"column":41},"end":{"line":12,"column":54}}]},"1":{"loc":{"start":{"line":14,"column":0},"end":{"line":16,"column":1}},"type":"if","locations":[{"start":{"line":14,"column":0},"end":{"line":16,"column":1}}]},"2":{"loc":{"start":{"line":32,"column":0},"end":{"line":43,"column":1}},"type":"if","locations":[{"start":{"line":32,"column":0},"end":{"line":43,"column":1}},{"start":{"line":39,"column":7},"end":{"line":43,"column":1}}]}},"s":{"0":3,"1":3,"2":3,"3":3,"4":3,"5":3,"6":3,"7":3,"8":3,"9":3,"10":0,"11":3,"12":3,"13":3,"14":3,"15":3,"16":3,"17":3,"18":0,"19":0,"20":0,"21":0,"22":3,"23":0,"24":3},"f":{"0":0,"1":0},"b":{"0":[3,0],"1":[0],"2":[0,3]}}
,"C:\\Users\\Liam\\OneDrive\\Documents\\code\\tetris\\server\\src\\api\\auth\\auth.ts": {"path":"C:\\Users\\Liam\\OneDrive\\Documents\\code\\tetris\\server\\src\\api\\auth\\auth.ts","statementMap":{"0":{"start":{"line":1,"column":0},"end":{"line":1,"column":52}},"1":{"start":{"line":2,"column":0},"end":{"line":2,"column":58}},"2":{"start":{"line":3,"column":0},"end":{"line":3,"column":29}},"3":{"start":{"line":5,"column":0},"end":{"line":5,"column":103}},"4":{"start":{"line":7,"column":0},"end":{"line":7,"column":39}},"5":{"start":{"line":9,"column":15},"end":{"line":9,"column":31}},"6":{"start":{"line":12,"column":0},"end":{"line":78,"column":null}},"7":{"start":{"line":20,"column":39},"end":{"line":78,"column":2}},"8":{"start":{"line":22,"column":16},"end":{"line":22,"column":37}},"9":{"start":{"line":23,"column":1},"end":{"line":27,"column":2}},"10":{"start":{"line":24,"column":2},"end":{"line":24,"column":null}},"11":{"start":{"line":25,"column":2},"end":{"line":25,"column":null}},"12":{"start":{"line":26,"column":2},"end":{"line":26,"column":8}},"13":{"start":{"line":29,"column":32},"end":{"line":29,"column":40}},"14":{"start":{"line":31,"column":1},"end":{"line":77,"column":2}},"15":{"start":{"line":32,"column":15},"end":{"line":32,"column":67}},"16":{"start":{"line":33,"column":2},"end":{"line":36,"column":3}},"17":{"start":{"line":34,"column":3},"end":{"line":34,"column":null}},"18":{"start":{"line":35,"column":3},"end":{"line":35,"column":9}},"19":{"start":{"line":38,"column":26},"end":{"line":38,"column":71}},"20":{"start":{"line":39,"column":2},"end":{"line":42,"column":3}},"21":{"start":{"line":40,"column":3},"end":{"line":40,"column":null}},"22":{"start":{"line":41,"column":3},"end":{"line":41,"column":9}},"23":{"start":{"line":44,"column":32},"end":{"line":47,"column":null}},"24":{"start":{"line":49,"column":22},"end":{"line":49,"column":50}},"25":{"start":{"line":50,"column":23},"end":{"line":50,"column":52}},"26":{"start":{"line":52,"column":2},"end":{"line":57,"column":null}},"27":{"start":{"line":59,"column":2},"end":{"line":64,"column":null}},"28":{"start":{"line":66,"column":2},"end":{"line":72,"column":null}},"29":{"start":{"line":75,"column":2},"end":{"line":75,"column":null}},"30":{"start":{"line":76,"column":2},"end":{"line":76,"column":null}},"31":{"start":{"line":80,"column":0},"end":{"line":87,"column":null}},"32":{"start":{"line":81,"column":39},"end":{"line":86,"column":null}},"33":{"start":{"line":82,"column":2},"end":{"line":82,"column":null}},"34":{"start":{"line":83,"column":2},"end":{"line":83,"column":null}},"35":{"start":{"line":85,"column":2},"end":{"line":85,"column":null}},"36":{"start":{"line":90,"column":0},"end":{"line":139,"column":null}},"37":{"start":{"line":97,"column":39},"end":{"line":139,"column":2}},"38":{"start":{"line":99,"column":16},"end":{"line":99,"column":37}},"39":{"start":{"line":100,"column":1},"end":{"line":104,"column":2}},"40":{"start":{"line":101,"column":2},"end":{"line":101,"column":null}},"41":{"start":{"line":102,"column":2},"end":{"line":102,"column":null}},"42":{"start":{"line":103,"column":2},"end":{"line":103,"column":8}},"43":{"start":{"line":106,"column":32},"end":{"line":106,"column":40}},"44":{"start":{"line":108,"column":1},"end":{"line":138,"column":2}},"45":{"start":{"line":109,"column":23},"end":{"line":109,"column":75}},"46":{"start":{"line":110,"column":2},"end":{"line":113,"column":3}},"47":{"start":{"line":111,"column":3},"end":{"line":111,"column":null}},"48":{"start":{"line":112,"column":3},"end":{"line":112,"column":9}},"49":{"start":{"line":115,"column":25},"end":{"line":115,"column":56}},"50":{"start":{"line":116,"column":15},"end":{"line":119,"column":4}},"51":{"start":{"line":121,"column":2},"end":{"line":127,"column":null}},"52":{"start":{"line":130,"column":2},"end":{"line":130,"column":null}},"53":{"start":{"line":132,"column":2},"end":{"line":135,"column":3}},"54":{"start":{"line":133,"column":3},"end":{"line":133,"column":null}},"55":{"start":{"line":134,"column":3},"end":{"line":134,"column":9}},"56":{"start":{"line":137,"column":2},"end":{"line":137,"column":null}},"57":{"start":{"line":142,"column":0},"end":{"line":185,"column":null}},"58":{"start":{"line":142,"column":59},"end":{"line":185,"column":2}},"59":{"start":{"line":143,"column":15},"end":{"line":143,"column":40}},"60":{"start":{"line":144,"column":1},"end":{"line":147,"column":2}},"61":{"start":{"line":145,"column":2},"end":{"line":145,"column":null}},"62":{"start":{"line":146,"column":2},"end":{"line":146,"column":8}},"63":{"start":{"line":149,"column":17},"end":{"line":149,"column":35}},"64":{"start":{"line":150,"column":1},"end":{"line":153,"column":2}},"65":{"start":{"line":151,"column":2},"end":{"line":151,"column":null}},"66":{"start":{"line":152,"column":2},"end":{"line":152,"column":8}},"67":{"start":{"line":155,"column":14},"end":{"line":155,"column":91}},"68":{"start":{"line":156,"column":1},"end":{"line":159,"column":2}},"69":{"start":{"line":157,"column":2},"end":{"line":157,"column":null}},"70":{"start":{"line":158,"column":2},"end":{"line":158,"column":8}},"71":{"start":{"line":161,"column":21},"end":{"line":161,"column":38}},"72":{"start":{"line":162,"column":18},"end":{"line":162,"column":34}},"73":{"start":{"line":163,"column":22},"end":{"line":163,"column":44}},"74":{"start":{"line":165,"column":1},"end":{"line":168,"column":2}},"75":{"start":{"line":166,"column":2},"end":{"line":166,"column":null}},"76":{"start":{"line":167,"column":2},"end":{"line":167,"column":8}},"77":{"start":{"line":170,"column":21},"end":{"line":170,"column":49}},"78":{"start":{"line":171,"column":1},"end":{"line":176,"column":null}},"79":{"start":{"line":178,"column":1},"end":{"line":184,"column":null}},"80":{"start":{"line":187,"column":0},"end":{"line":187,"column":null}}},"fnMap":{"0":{"name":"(anonymous_8)","decl":{"start":{"line":20,"column":1},"end":{"line":20,"column":8}},"loc":{"start":{"line":20,"column":39},"end":{"line":78,"column":2}}},"1":{"name":"(anonymous_9)","decl":{"start":{"line":20,"column":39},"end":{"line":20,"column":null}},"loc":{"start":{"line":20,"column":39},"end":{"line":78,"column":1}}},"2":{"name":"(anonymous_10)","decl":{"start":{"line":81,"column":1},"end":{"line":81,"column":8}},"loc":{"start":{"line":81,"column":39},"end":{"line":86,"column":null}}},"3":{"name":"(anonymous_11)","decl":{"start":{"line":81,"column":39},"end":{"line":81,"column":null}},"loc":{"start":{"line":81,"column":39},"end":{"line":86,"column":2}}},"4":{"name":"(anonymous_12)","decl":{"start":{"line":97,"column":1},"end":{"line":97,"column":8}},"loc":{"start":{"line":97,"column":39},"end":{"line":139,"column":2}}},"5":{"name":"(anonymous_13)","decl":{"start":{"line":97,"column":39},"end":{"line":97,"column":null}},"loc":{"start":{"line":97,"column":39},"end":{"line":139,"column":1}}},"6":{"name":"(anonymous_14)","decl":{"start":{"line":142,"column":21},"end":{"line":142,"column":28}},"loc":{"start":{"line":142,"column":59},"end":{"line":185,"column":2}}},"7":{"name":"(anonymous_15)","decl":{"start":{"line":142,"column":59},"end":{"line":142,"column":null}},"loc":{"start":{"line":142,"column":59},"end":{"line":185,"column":1}}}},"branchMap":{"0":{"loc":{"start":{"line":23,"column":1},"end":{"line":27,"column":2}},"type":"if","locations":[{"start":{"line":23,"column":1},"end":{"line":27,"column":2}}]},"1":{"loc":{"start":{"line":33,"column":2},"end":{"line":36,"column":3}},"type":"if","locations":[{"start":{"line":33,"column":2},"end":{"line":36,"column":3}}]},"2":{"loc":{"start":{"line":39,"column":2},"end":{"line":42,"column":3}},"type":"if","locations":[{"start":{"line":39,"column":2},"end":{"line":42,"column":3}}]},"3":{"loc":{"start":{"line":100,"column":1},"end":{"line":104,"column":2}},"type":"if","locations":[{"start":{"line":100,"column":1},"end":{"line":104,"column":2}}]},"4":{"loc":{"start":{"line":110,"column":2},"end":{"line":113,"column":3}},"type":"if","locations":[{"start":{"line":110,"column":2},"end":{"line":113,"column":3}}]},"5":{"loc":{"start":{"line":132,"column":2},"end":{"line":135,"column":3}},"type":"if","locations":[{"start":{"line":132,"column":2},"end":{"line":135,"column":3}}]},"6":{"loc":{"start":{"line":143,"column":15},"end":{"line":143,"column":40}},"type":"cond-expr","locations":[{"start":{"line":143,"column":26},"end":{"line":143,"column":28}},{"start":{"line":143,"column":26},"end":{"line":143,"column":40}}]},"7":{"loc":{"start":{"line":143,"column":15},"end":{"line":143,"column":28}},"type":"binary-expr","locations":[{"start":{"line":143,"column":15},"end":{"line":143,"column":28}},{"start":{"line":143,"column":26},"end":{"line":143,"column":28}}]},"8":{"loc":{"start":{"line":144,"column":1},"end":{"line":147,"column":2}},"type":"if","locations":[{"start":{"line":144,"column":1},"end":{"line":147,"column":2}}]},"9":{"loc":{"start":{"line":150,"column":1},"end":{"line":153,"column":2}},"type":"if","locations":[{"start":{"line":150,"column":1},"end":{"line":153,"column":2}}]},"10":{"loc":{"start":{"line":156,"column":1},"end":{"line":159,"column":2}},"type":"if","locations":[{"start":{"line":156,"column":1},"end":{"line":159,"column":2}}]},"11":{"loc":{"start":{"line":162,"column":18},"end":{"line":162,"column":34}},"type":"binary-expr","locations":[{"start":{"line":162,"column":18},"end":{"line":162,"column":29}},{"start":{"line":162,"column":33},"end":{"line":162,"column":34}}]},"12":{"loc":{"start":{"line":165,"column":1},"end":{"line":168,"column":2}},"type":"if","locations":[{"start":{"line":165,"column":1},"end":{"line":168,"column":2}}]}},"s":{"0":3,"1":3,"2":3,"3":3,"4":3,"5":3,"6":3,"7":0,"8":0,"9":0,"10":0,"11":0,"12":0,"13":0,"14":0,"15":0,"16":0,"17":0,"18":0,"19":0,"20":0,"21":0,"22":0,"23":0,"24":0,"25":0,"26":0,"27":0,"28":0,"29":0,"30":0,"31":3,"32":0,"33":0,"34":0,"35":0,"36":3,"37":0,"38":0,"39":0,"40":0,"41":0,"42":0,"43":0,"44":0,"45":0,"46":0,"47":0,"48":0,"49":0,"50":0,"51":0,"52":0,"53":0,"54":0,"55":0,"56":0,"57":3,"58":0,"59":0,"60":0,"61":0,"62":0,"63":0,"64":0,"65":0,"66":0,"67":0,"68":0,"69":0,"70":0,"71":0,"72":0,"73":0,"74":0,"75":0,"76":0,"77":0,"78":0,"79":0,"80":3},"f":{"0":0,"1":0,"2":0,"3":0,"4":0,"5":0,"6":0,"7":0},"b":{"0":[0],"1":[0],"2":[0],"3":[0],"4":[0],"5":[0],"6":[0,0],"7":[0,0],"8":[0],"9":[0],"10":[0],"11":[0,0],"12":[0]}}
,"C:\\Users\\Liam\\OneDrive\\Documents\\code\\tetris\\server\\src\\config\\dotenv.ts": {"path":"C:\\Users\\Liam\\OneDrive\\Documents\\code\\tetris\\server\\src\\config\\dotenv.ts","statementMap":{"0":{"start":{"line":1,"column":0},"end":{"line":1,"column":27}},"1":{"start":{"line":3,"column":0},"end":{"line":3,"column":null}}},"fnMap":{},"branchMap":{},"s":{"0":3,"1":3},"f":{},"b":{}}
,"C:\\Users\\Liam\\OneDrive\\Documents\\code\\tetris\\server\\src\\db\\index.ts": {"path":"C:\\Users\\Liam\\OneDrive\\Documents\\code\\tetris\\server\\src\\db\\index.ts","statementMap":{"0":{"start":{"line":1,"column":0},"end":{"line":1,"column":37}},"1":{"start":{"line":3,"column":18},"end":{"line":7,"column":2}},"2":{"start":{"line":9,"column":0},"end":{"line":9,"column":null}}},"fnMap":{},"branchMap":{},"s":{"0":3,"1":3,"2":3},"f":{},"b":{}}
,"C:\\Users\\Liam\\OneDrive\\Documents\\code\\tetris\\server\\src\\db\\models\\User.ts": {"path":"C:\\Users\\Liam\\OneDrive\\Documents\\code\\tetris\\server\\src\\db\\models\\User.ts","statementMap":{"0":{"start":{"line":1,"column":0},"end":{"line":1,"column":44}},"1":{"start":{"line":2,"column":0},"end":{"line":2,"column":32}},"2":{"start":{"line":14,"column":0},"end":{"line":40,"column":null}},"3":{"start":{"line":42,"column":0},"end":{"line":42,"column":null}}},"fnMap":{},"branchMap":{},"s":{"0":3,"1":3,"2":3,"3":3},"f":{},"b":{}}
,"C:\\Users\\Liam\\OneDrive\\Documents\\code\\tetris\\server\\src\\db\\utils\\init.ts": {"path":"C:\\Users\\Liam\\OneDrive\\Documents\\code\\tetris\\server\\src\\db\\utils\\init.ts","statementMap":{"0":{"start":{"line":1,"column":0},"end":{"line":1,"column":32}},"1":{"start":{"line":3,"column":21},"end":{"line":14,"column":null}},"2":{"start":{"line":3,"column":32},"end":{"line":14,"column":null}},"3":{"start":{"line":4,"column":1},"end":{"line":13,"column":2}},"4":{"start":{"line":5,"column":2},"end":{"line":5,"column":33}},"5":{"start":{"line":6,"column":2},"end":{"line":6,"column":null}},"6":{"start":{"line":8,"column":2},"end":{"line":8,"column":40}},"7":{"start":{"line":9,"column":2},"end":{"line":9,"column":null}},"8":{"start":{"line":12,"column":2},"end":{"line":12,"column":null}},"9":{"start":{"line":16,"column":0},"end":{"line":16,"column":null}}},"fnMap":{"0":{"name":"(anonymous_8)","decl":{"start":{"line":3,"column":21},"end":{"line":3,"column":30}},"loc":{"start":{"line":3,"column":32},"end":{"line":14,"column":null}}},"1":{"name":"(anonymous_9)","decl":{"start":{"line":3,"column":32},"end":{"line":3,"column":null}},"loc":{"start":{"line":3,"column":32},"end":{"line":14,"column":1}}}},"branchMap":{},"s":{"0":3,"1":3,"2":0,"3":0,"4":0,"5":0,"6":0,"7":0,"8":0,"9":3},"f":{"0":0,"1":0},"b":{}}
,"C:\\Users\\Liam\\OneDrive\\Documents\\code\\tetris\\server\\src\\game\\board.ts": {"path":"C:\\Users\\Liam\\OneDrive\\Documents\\code\\tetris\\server\\src\\game\\board.ts","statementMap":{"0":{"start":{"line":5,"column":24},"end":{"line":5,"column":27}},"1":{"start":{"line":14,"column":9},"end":{"line":14,"column":null}},"2":{"start":{"line":16,"column":9},"end":{"line":16,"column":null}},"3":{"start":{"line":17,"column":9},"end":{"line":17,"column":null}},"4":{"start":{"line":19,"column":9},"end":{"line":19,"column":null}},"5":{"start":{"line":22,"column":2},"end":{"line":22,"column":null}},"6":{"start":{"line":24,"column":2},"end":{"line":24,"column":null}},"7":{"start":{"line":25,"column":2},"end":{"line":25,"column":null}},"8":{"start":{"line":26,"column":2},"end":{"line":26,"column":null}},"9":{"start":{"line":28,"column":2},"end":{"line":28,"column":null}},"10":{"start":{"line":29,"column":2},"end":{"line":29,"column":null}},"11":{"start":{"line":29,"column":59},"end":{"line":29,"column":90}},"12":{"start":{"line":36,"column":2},"end":{"line":51,"column":null}},"13":{"start":{"line":37,"column":3},"end":{"line":50,"column":null}},"14":{"start":{"line":38,"column":4},"end":{"line":40,"column":5}},"15":{"start":{"line":39,"column":5},"end":{"line":39,"column":null}},"16":{"start":{"line":42,"column":23},"end":{"line":42,"column":38}},"17":{"start":{"line":43,"column":23},"end":{"line":43,"column":38}},"18":{"start":{"line":45,"column":4},"end":{"line":49,"column":null}},"19":{"start":{"line":55,"column":55},"end":{"line":55,"column":69}},"20":{"start":{"line":57,"column":23},"end":{"line":57,"column":46}},"21":{"start":{"line":58,"column":2},"end":{"line":58,"column":null}},"22":{"start":{"line":62,"column":55},"end":{"line":62,"column":69}},"23":{"start":{"line":64,"column":12},"end":{"line":64,"column":36}},"24":{"start":{"line":65,"column":12},"end":{"line":65,"column":36}},"25":{"start":{"line":66,"column":2},"end":{"line":66,"column":null}},"26":{"start":{"line":70,"column":15},"end":{"line":70,"column":89}},"27":{"start":{"line":70,"column":57},"end":{"line":70,"column":88}},"28":{"start":{"line":71,"column":14},"end":{"line":71,"column":58}},"29":{"start":{"line":73,"column":2},"end":{"line":73,"column":null}},"30":{"start":{"line":77,"column":19},"end":{"line":77,"column":50}},"31":{"start":{"line":78,"column":24},"end":{"line":78,"column":83}},"32":{"start":{"line":78,"column":50},"end":{"line":78,"column":82}},"33":{"start":{"line":78,"column":69},"end":{"line":78,"column":81}},"34":{"start":{"line":79,"column":22},"end":{"line":79,"column":59}},"35":{"start":{"line":80,"column":20},"end":{"line":80,"column":69}},"36":{"start":{"line":80,"column":60},"end":{"line":80,"column":68}},"37":{"start":{"line":82,"column":2},"end":{"line":82,"column":null}},"38":{"start":{"line":83,"column":2},"end":{"line":83,"column":null}},"39":{"start":{"line":84,"column":2},"end":{"line":84,"column":null}},"40":{"start":{"line":88,"column":15},"end":{"line":88,"column":45}},"41":{"start":{"line":88,"column":36},"end":{"line":88,"column":44}},"42":{"start":{"line":89,"column":30},"end":{"line":89,"column":35}},"43":{"start":{"line":91,"column":2},"end":{"line":101,"column":null}},"44":{"start":{"line":92,"column":3},"end":{"line":100,"column":null}},"45":{"start":{"line":93,"column":4},"end":{"line":99,"column":5}},"46":{"start":{"line":94,"column":15},"end":{"line":94,"column":30}},"47":{"start":{"line":95,"column":15},"end":{"line":95,"column":30}},"48":{"start":{"line":96,"column":5},"end":{"line":98,"column":6}},"49":{"start":{"line":97,"column":6},"end":{"line":97,"column":null}},"50":{"start":{"line":103,"column":2},"end":{"line":103,"column":null}},"51":{"start":{"line":107,"column":2},"end":{"line":107,"column":null}},"52":{"start":{"line":109,"column":2},"end":{"line":109,"column":null}},"53":{"start":{"line":113,"column":23},"end":{"line":113,"column":69}},"54":{"start":{"line":114,"column":2},"end":{"line":114,"column":null}},"55":{"start":{"line":116,"column":2},"end":{"line":116,"column":null}},"56":{"start":{"line":120,"column":2},"end":{"line":122,"column":3}},"57":{"start":{"line":121,"column":3},"end":{"line":121,"column":null}},"58":{"start":{"line":124,"column":2},"end":{"line":124,"column":null}},"59":{"start":{"line":125,"column":2},"end":{"line":125,"column":null}},"60":{"start":{"line":127,"column":2},"end":{"line":130,"column":null}},"61":{"start":{"line":132,"column":2},"end":{"line":132,"column":null}},"62":{"start":{"line":136,"column":12},"end":{"line":136,"column":43}},"63":{"start":{"line":138,"column":2},"end":{"line":146,"column":null}},"64":{"start":{"line":139,"column":3},"end":{"line":145,"column":null}},"65":{"start":{"line":140,"column":4},"end":{"line":142,"column":5}},"66":{"start":{"line":141,"column":5},"end":{"line":141,"column":null}},"67":{"start":{"line":144,"column":4},"end":{"line":144,"column":null}},"68":{"start":{"line":150,"column":2},"end":{"line":150,"column":null}},"69":{"start":{"line":157,"column":2},"end":{"line":159,"column":3}},"70":{"start":{"line":158,"column":3},"end":{"line":158,"column":11}},"71":{"start":{"line":163,"column":16},"end":{"line":163,"column":33}},"72":{"start":{"line":165,"column":2},"end":{"line":167,"column":3}},"73":{"start":{"line":166,"column":3},"end":{"line":166,"column":null}},"74":{"start":{"line":169,"column":2},"end":{"line":169,"column":null}},"75":{"start":{"line":171,"column":2},"end":{"line":173,"column":null}},"76":{"start":{"line":175,"column":2},"end":{"line":175,"column":null}},"77":{"start":{"line":179,"column":16},"end":{"line":179,"column":33}},"78":{"start":{"line":180,"column":55},"end":{"line":180,"column":69}},"79":{"start":{"line":182,"column":2},"end":{"line":184,"column":3}},"80":{"start":{"line":183,"column":3},"end":{"line":183,"column":null}},"81":{"start":{"line":186,"column":2},"end":{"line":186,"column":null}},"82":{"start":{"line":187,"column":2},"end":{"line":187,"column":null}},"83":{"start":{"line":189,"column":2},"end":{"line":191,"column":null}},"84":{"start":{"line":193,"column":2},"end":{"line":193,"column":null}},"85":{"start":{"line":197,"column":20},"end":{"line":197,"column":32}},"86":{"start":{"line":198,"column":2},"end":{"line":230,"column":3}},"87":{"start":{"line":200,"column":3},"end":{"line":215,"column":4}},"88":{"start":{"line":201,"column":4},"end":{"line":201,"column":null}},"89":{"start":{"line":202,"column":4},"end":{"line":202,"column":null}},"90":{"start":{"line":205,"column":25},"end":{"line":205,"column":43}},"91":{"start":{"line":206,"column":4},"end":{"line":214,"column":5}},"92":{"start":{"line":207,"column":5},"end":{"line":207,"column":null}},"93":{"start":{"line":209,"column":5},"end":{"line":213,"column":null}},"94":{"start":{"line":218,"column":3},"end":{"line":221,"column":null}},"95":{"start":{"line":223,"column":3},"end":{"line":227,"column":4}},"96":{"start":{"line":224,"column":4},"end":{"line":224,"column":null}},"97":{"start":{"line":225,"column":4},"end":{"line":225,"column":null}},"98":{"start":{"line":229,"column":3},"end":{"line":229,"column":null}},"99":{"start":{"line":232,"column":2},"end":{"line":232,"column":null}},"100":{"start":{"line":236,"column":15},"end":{"line":251,"column":3}},"101":{"start":{"line":238,"column":17},"end":{"line":238,"column":34}},"102":{"start":{"line":240,"column":3},"end":{"line":242,"column":4}},"103":{"start":{"line":241,"column":4},"end":{"line":241,"column":10}},"104":{"start":{"line":244,"column":3},"end":{"line":244,"column":null}},"105":{"start":{"line":246,"column":15},"end":{"line":246,"column":32}},"106":{"start":{"line":247,"column":23},"end":{"line":247,"column":34}},"107":{"start":{"line":249,"column":19},"end":{"line":249,"column":69}},"108":{"start":{"line":250,"column":3},"end":{"line":250,"column":null}},"109":{"start":{"line":253,"column":2},"end":{"line":253,"column":null}},"110":{"start":{"line":257,"column":2},"end":{"line":257,"column":null}},"111":{"start":{"line":258,"column":2},"end":{"line":258,"column":null}},"112":{"start":{"line":262,"column":2},"end":{"line":264,"column":3}},"113":{"start":{"line":263,"column":3},"end":{"line":263,"column":9}},"114":{"start":{"line":266,"column":2},"end":{"line":266,"column":null}},"115":{"start":{"line":267,"column":2},"end":{"line":267,"column":null}},"116":{"start":{"line":271,"column":2},"end":{"line":271,"column":null}},"117":{"start":{"line":275,"column":2},"end":{"line":275,"column":null}},"118":{"start":{"line":277,"column":2},"end":{"line":277,"column":null}},"119":{"start":{"line":278,"column":2},"end":{"line":278,"column":null}},"120":{"start":{"line":279,"column":2},"end":{"line":279,"column":null}},"121":{"start":{"line":280,"column":2},"end":{"line":280,"column":null}},"122":{"start":{"line":281,"column":2},"end":{"line":281,"column":null}},"123":{"start":{"line":283,"column":2},"end":{"line":283,"column":null}},"124":{"start":{"line":283,"column":59},"end":{"line":283,"column":90}},"125":{"start":{"line":284,"column":2},"end":{"line":284,"column":null}},"126":{"start":{"line":7,"column":0},"end":{"line":7,"column":13}}},"fnMap":{"0":{"name":"(anonymous_0)","decl":{"start":{"line":21,"column":1},"end":{"line":21,"column":13}},"loc":{"start":{"line":21,"column":39},"end":{"line":30,"column":2}}},"1":{"name":"(anonymous_1)","decl":{"start":{"line":29,"column":53},"end":{"line":29,"column":56}},"loc":{"start":{"line":29,"column":59},"end":{"line":29,"column":90}}},"2":{"name":"(anonymous_2)","decl":{"start":{"line":35,"column":9},"end":{"line":35,"column":20}},"loc":{"start":{"line":35,"column":72},"end":{"line":52,"column":2}}},"3":{"name":"(anonymous_3)","decl":{"start":{"line":36,"column":21},"end":{"line":36,"column":22}},"loc":{"start":{"line":36,"column":33},"end":{"line":51,"column":3}}},"4":{"name":"(anonymous_4)","decl":{"start":{"line":37,"column":20},"end":{"line":37,"column":21}},"loc":{"start":{"line":37,"column":33},"end":{"line":50,"column":4}}},"5":{"name":"(anonymous_5)","decl":{"start":{"line":54,"column":9},"end":{"line":54,"column":23}},"loc":{"start":{"line":54,"column":36},"end":{"line":59,"column":2}}},"6":{"name":"(anonymous_6)","decl":{"start":{"line":61,"column":9},"end":{"line":61,"column":21}},"loc":{"start":{"line":61,"column":69},"end":{"line":67,"column":2}}},"7":{"name":"(anonymous_7)","decl":{"start":{"line":69,"column":8},"end":{"line":69,"column":18}},"loc":{"start":{"line":69,"column":38},"end":{"line":74,"column":2}}},"8":{"name":"(anonymous_8)","decl":{"start":{"line":70,"column":51},"end":{"line":70,"column":54}},"loc":{"start":{"line":70,"column":57},"end":{"line":70,"column":88}}},"9":{"name":"(anonymous_9)","decl":{"start":{"line":76,"column":9},"end":{"line":76,"column":20}},"loc":{"start":{"line":76,"column":20},"end":{"line":85,"column":2}}},"10":{"name":"(anonymous_10)","decl":{"start":{"line":78,"column":41},"end":{"line":78,"column":42}},"loc":{"start":{"line":78,"column":50},"end":{"line":78,"column":82}}},"11":{"name":"(anonymous_11)","decl":{"start":{"line":78,"column":59},"end":{"line":78,"column":60}},"loc":{"start":{"line":78,"column":69},"end":{"line":78,"column":81}}},"12":{"name":"(anonymous_12)","decl":{"start":{"line":80,"column":54},"end":{"line":80,"column":57}},"loc":{"start":{"line":80,"column":60},"end":{"line":80,"column":68}}},"13":{"name":"(anonymous_13)","decl":{"start":{"line":87,"column":9},"end":{"line":87,"column":24}},"loc":{"start":{"line":87,"column":37},"end":{"line":104,"column":2}}},"14":{"name":"(anonymous_14)","decl":{"start":{"line":88,"column":29},"end":{"line":88,"column":32}},"loc":{"start":{"line":88,"column":36},"end":{"line":88,"column":44}}},"15":{"name":"(anonymous_15)","decl":{"start":{"line":91,"column":16},"end":{"line":91,"column":17}},"loc":{"start":{"line":91,"column":28},"end":{"line":101,"column":3}}},"16":{"name":"(anonymous_16)","decl":{"start":{"line":92,"column":15},"end":{"line":92,"column":16}},"loc":{"start":{"line":92,"column":28},"end":{"line":100,"column":4}}},"17":{"name":"(anonymous_17)","decl":{"start":{"line":106,"column":9},"end":{"line":106,"column":24}},"loc":{"start":{"line":106,"column":37},"end":{"line":110,"column":2}}},"18":{"name":"(anonymous_18)","decl":{"start":{"line":112,"column":9},"end":{"line":112,"column":21}},"loc":{"start":{"line":112,"column":21},"end":{"line":117,"column":2}}},"19":{"name":"(anonymous_19)","decl":{"start":{"line":119,"column":9},"end":{"line":119,"column":24}},"loc":{"start":{"line":119,"column":24},"end":{"line":133,"column":2}}},"20":{"name":"(anonymous_20)","decl":{"start":{"line":135,"column":8},"end":{"line":135,"column":18}},"loc":{"start":{"line":135,"column":18},"end":{"line":147,"column":2}}},"21":{"name":"(anonymous_21)","decl":{"start":{"line":138,"column":23},"end":{"line":138,"column":24}},"loc":{"start":{"line":138,"column":34},"end":{"line":146,"column":3}}},"22":{"name":"(anonymous_22)","decl":{"start":{"line":139,"column":18},"end":{"line":139,"column":19}},"loc":{"start":{"line":139,"column":30},"end":{"line":145,"column":4}}},"23":{"name":"(anonymous_23)","decl":{"start":{"line":149,"column":8},"end":{"line":149,"column":16}},"loc":{"start":{"line":149,"column":16},"end":{"line":151,"column":2}}},"24":{"name":"(anonymous_24)","decl":{"start":{"line":156,"column":8},"end":{"line":156,"column":25}},"loc":{"start":{"line":156,"column":25},"end":{"line":160,"column":2}}},"25":{"name":"(anonymous_25)","decl":{"start":{"line":162,"column":8},"end":{"line":162,"column":19}},"loc":{"start":{"line":162,"column":19},"end":{"line":176,"column":2}}},"26":{"name":"(anonymous_26)","decl":{"start":{"line":178,"column":8},"end":{"line":178,"column":17}},"loc":{"start":{"line":178,"column":51},"end":{"line":194,"column":2}}},"27":{"name":"(anonymous_27)","decl":{"start":{"line":196,"column":9},"end":{"line":196,"column":22}},"loc":{"start":{"line":196,"column":22},"end":{"line":233,"column":2}}},"28":{"name":"(anonymous_28)","decl":{"start":{"line":235,"column":9},"end":{"line":235,"column":26}},"loc":{"start":{"line":235,"column":26},"end":{"line":254,"column":2}}},"29":{"name":"(anonymous_29)","decl":{"start":{"line":236,"column":15},"end":{"line":236,"column":18}},"loc":{"start":{"line":236,"column":20},"end":{"line":251,"column":3}}},"30":{"name":"(anonymous_30)","decl":{"start":{"line":256,"column":9},"end":{"line":256,"column":25}},"loc":{"start":{"line":256,"column":25},"end":{"line":259,"column":2}}},"31":{"name":"(anonymous_31)","decl":{"start":{"line":261,"column":8},"end":{"line":261,"column":13}},"loc":{"start":{"line":261,"column":13},"end":{"line":268,"column":2}}},"32":{"name":"(anonymous_32)","decl":{"start":{"line":270,"column":8},"end":{"line":270,"column":13}},"loc":{"start":{"line":270,"column":13},"end":{"line":272,"column":2}}},"33":{"name":"(anonymous_33)","decl":{"start":{"line":274,"column":8},"end":{"line":274,"column":15}},"loc":{"start":{"line":274,"column":15},"end":{"line":285,"column":2}}},"34":{"name":"(anonymous_34)","decl":{"start":{"line":283,"column":53},"end":{"line":283,"column":56}},"loc":{"start":{"line":283,"column":59},"end":{"line":283,"column":90}}}},"branchMap":{"0":{"loc":{"start":{"line":38,"column":4},"end":{"line":40,"column":5}},"type":"if","locations":[{"start":{"line":38,"column":4},"end":{"line":40,"column":5}}]},"1":{"loc":{"start":{"line":46,"column":5},"end":{"line":48,"column":59}},"type":"binary-expr","locations":[{"start":{"line":46,"column":5},"end":{"line":46,"column":12}},{"start":{"line":46,"column":16},"end":{"line":46,"column":35}},{"start":{"line":47,"column":5},"end":{"line":47,"column":26}},{"start":{"line":47,"column":30},"end":{"line":47,"column":49}},{"start":{"line":48,"column":6},"end":{"line":48,"column":58}}]},"2":{"loc":{"start":{"line":48,"column":21},"end":{"line":48,"column":57}},"type":"binary-expr","locations":[{"start":{"line":48,"column":21},"end":{"line":48,"column":28}},{"start":{"line":48,"column":32},"end":{"line":48,"column":57}}]},"3":{"loc":{"start":{"line":93,"column":4},"end":{"line":99,"column":5}},"type":"if","locations":[{"start":{"line":93,"column":4},"end":{"line":99,"column":5}}]},"4":{"loc":{"start":{"line":96,"column":5},"end":{"line":98,"column":6}},"type":"if","locations":[{"start":{"line":96,"column":5},"end":{"line":98,"column":6}}]},"5":{"loc":{"start":{"line":96,"column":9},"end":{"line":96,"column":69}},"type":"binary-expr","locations":[{"start":{"line":96,"column":9},"end":{"line":96,"column":15}},{"start":{"line":96,"column":19},"end":{"line":96,"column":37}},{"start":{"line":96,"column":41},"end":{"line":96,"column":47}},{"start":{"line":96,"column":51},"end":{"line":96,"column":69}}]},"6":{"loc":{"start":{"line":120,"column":2},"end":{"line":122,"column":3}},"type":"if","locations":[{"start":{"line":120,"column":2},"end":{"line":122,"column":3}}]},"7":{"loc":{"start":{"line":140,"column":4},"end":{"line":142,"column":5}},"type":"if","locations":[{"start":{"line":140,"column":4},"end":{"line":142,"column":5}}]},"8":{"loc":{"start":{"line":140,"column":8},"end":{"line":140,"column":38}},"type":"binary-expr","locations":[{"start":{"line":140,"column":8},"end":{"line":140,"column":20}},{"start":{"line":140,"column":24},"end":{"line":140,"column":38}}]},"9":{"loc":{"start":{"line":165,"column":2},"end":{"line":167,"column":3}},"type":"if","locations":[{"start":{"line":165,"column":2},"end":{"line":167,"column":3}}]},"10":{"loc":{"start":{"line":182,"column":2},"end":{"line":184,"column":3}},"type":"if","locations":[{"start":{"line":182,"column":2},"end":{"line":184,"column":3}}]},"11":{"loc":{"start":{"line":198,"column":2},"end":{"line":230,"column":3}},"type":"if","locations":[{"start":{"line":198,"column":2},"end":{"line":230,"column":3}}]},"12":{"loc":{"start":{"line":200,"column":3},"end":{"line":215,"column":4}},"type":"if","locations":[{"start":{"line":200,"column":3},"end":{"line":215,"column":4}},{"start":{"line":204,"column":10},"end":{"line":215,"column":4}}]},"13":{"loc":{"start":{"line":206,"column":4},"end":{"line":214,"column":5}},"type":"if","locations":[{"start":{"line":206,"column":4},"end":{"line":214,"column":5}}]},"14":{"loc":{"start":{"line":223,"column":3},"end":{"line":227,"column":4}},"type":"if","locations":[{"start":{"line":223,"column":3},"end":{"line":227,"column":4}}]},"15":{"loc":{"start":{"line":240,"column":3},"end":{"line":242,"column":4}},"type":"if","locations":[{"start":{"line":240,"column":3},"end":{"line":242,"column":4}}]},"16":{"loc":{"start":{"line":262,"column":2},"end":{"line":264,"column":3}},"type":"if","locations":[{"start":{"line":262,"column":2},"end":{"line":264,"column":3}}]}},"s":{"0":3,"1":4,"2":4,"3":4,"4":4,"5":4,"6":4,"7":4,"8":4,"9":4,"10":4,"11":80,"12":0,"13":0,"14":0,"15":0,"16":0,"17":0,"18":0,"19":0,"20":0,"21":0,"22":0,"23":0,"24":0,"25":0,"26":1,"27":1,"28":1,"29":1,"30":0,"31":0,"32":0,"33":0,"34":0,"35":0,"36":0,"37":0,"38":0,"39":0,"40":1,"41":20,"42":1,"43":1,"44":2,"45":6,"46":4,"47":4,"48":4,"49":0,"50":1,"51":0,"52":0,"53":8,"54":8,"55":8,"56":0,"57":0,"58":0,"59":0,"60":0,"61":0,"62":0,"63":0,"64":0,"65":0,"66":0,"67":0,"68":1,"69":0,"70":0,"71":0,"72":0,"73":0,"74":0,"75":0,"76":0,"77":0,"78":0,"79":0,"80":0,"81":0,"82":0,"83":0,"84":0,"85":0,"86":0,"87":0,"88":0,"89":0,"90":0,"91":0,"92":0,"93":0,"94":0,"95":0,"96":0,"97":0,"98":0,"99":0,"100":0,"101":0,"102":0,"103":0,"104":0,"105":0,"106":0,"107":0,"108":0,"109":0,"110":2,"111":2,"112":0,"113":0,"114":0,"115":0,"116":2,"117":0,"118":0,"119":0,"120":0,"121":0,"122":0,"123":0,"124":0,"125":0,"126":3},"f":{"0":4,"1":80,"2":0,"3":0,"4":0,"5":0,"6":0,"7":1,"8":1,"9":0,"10":0,"11":0,"12":0,"13":1,"14":20,"15":2,"16":6,"17":0,"18":8,"19":0,"20":0,"21":0,"22":0,"23":1,"24":0,"25":0,"26":0,"27":0,"28":0,"29":0,"30":2,"31":0,"32":2,"33":0,"34":0},"b":{"0":[0],"1":[0,0,0,0,0],"2":[0,0],"3":[4],"4":[0],"5":[4,4,4,0],"6":[0],"7":[0],"8":[0,0],"9":[0],"10":[0],"11":[0],"12":[0,0],"13":[0],"14":[0],"15":[0],"16":[0]}}
,"C:\\Users\\Liam\\OneDrive\\Documents\\code\\tetris\\server\\src\\game\\game.ts": {"path":"C:\\Users\\Liam\\OneDrive\\Documents\\code\\tetris\\server\\src\\game\\game.ts","statementMap":{"0":{"start":{"line":1,"column":0},"end":{"line":1,"column":63}},"1":{"start":{"line":3,"column":0},"end":{"line":3,"column":31}},"2":{"start":{"line":4,"column":0},"end":{"line":4,"column":33}},"3":{"start":{"line":6,"column":0},"end":{"line":6,"column":33}},"4":{"start":{"line":8,"column":21},"end":{"line":8,"column":23}},"5":{"start":{"line":9,"column":21},"end":{"line":9,"column":23}},"6":{"start":{"line":13,"column":1},"end":{"line":13,"column":null}},"7":{"start":{"line":23,"column":2},"end":{"line":23,"column":null}},"8":{"start":{"line":24,"column":2},"end":{"line":24,"column":null}},"9":{"start":{"line":25,"column":2},"end":{"line":25,"column":null}},"10":{"start":{"line":26,"column":2},"end":{"line":26,"column":null}},"11":{"start":{"line":28,"column":2},"end":{"line":28,"column":null}},"12":{"start":{"line":29,"column":2},"end":{"line":29,"column":null}},"13":{"start":{"line":31,"column":2},"end":{"line":31,"column":null}},"14":{"start":{"line":35,"column":2},"end":{"line":35,"column":null}},"15":{"start":{"line":39,"column":2},"end":{"line":41,"column":3}},"16":{"start":{"line":40,"column":3},"end":{"line":40,"column":9}},"17":{"start":{"line":43,"column":17},"end":{"line":43,"column":43}},"18":{"start":{"line":44,"column":2},"end":{"line":44,"column":null}},"19":{"start":{"line":46,"column":2},"end":{"line":48,"column":3}},"20":{"start":{"line":47,"column":3},"end":{"line":47,"column":null}},"21":{"start":{"line":52,"column":17},"end":{"line":52,"column":51}},"22":{"start":{"line":53,"column":2},"end":{"line":55,"column":3}},"23":{"start":{"line":54,"column":3},"end":{"line":54,"column":9}},"24":{"start":{"line":57,"column":2},"end":{"line":57,"column":null}},"25":{"start":{"line":58,"column":2},"end":{"line":58,"column":null}},"26":{"start":{"line":62,"column":2},"end":{"line":62,"column":null}},"27":{"start":{"line":66,"column":2},"end":{"line":70,"column":3}},"28":{"start":{"line":67,"column":3},"end":{"line":69,"column":4}},"29":{"start":{"line":68,"column":4},"end":{"line":68,"column":null}},"30":{"start":{"line":72,"column":2},"end":{"line":72,"column":null}},"31":{"start":{"line":76,"column":19},"end":{"line":76,"column":51}},"32":{"start":{"line":77,"column":2},"end":{"line":79,"column":3}},"33":{"start":{"line":78,"column":3},"end":{"line":78,"column":9}},"34":{"start":{"line":81,"column":2},"end":{"line":81,"column":null}},"35":{"start":{"line":85,"column":2},"end":{"line":85,"column":null}},"36":{"start":{"line":89,"column":2},"end":{"line":89,"column":null}},"37":{"start":{"line":97,"column":18},"end":{"line":99,"column":5}},"38":{"start":{"line":97,"column":67},"end":{"line":99,"column":4}},"39":{"start":{"line":101,"column":2},"end":{"line":104,"column":null}},"40":{"start":{"line":108,"column":2},"end":{"line":117,"column":3}},"41":{"start":{"line":108,"column":15},"end":{"line":108,"column":16}},"42":{"start":{"line":109,"column":17},"end":{"line":109,"column":64}},"43":{"start":{"line":110,"column":25},"end":{"line":110,"column":72}},"44":{"start":{"line":111,"column":17},"end":{"line":111,"column":44}},"45":{"start":{"line":112,"column":27},"end":{"line":115,"column":null}},"46":{"start":{"line":116,"column":3},"end":{"line":116,"column":null}},"47":{"start":{"line":122,"column":2},"end":{"line":122,"column":null}},"48":{"start":{"line":124,"column":2},"end":{"line":126,"column":3}},"49":{"start":{"line":125,"column":3},"end":{"line":125,"column":null}},"50":{"start":{"line":128,"column":17},"end":{"line":128,"column":41}},"51":{"start":{"line":129,"column":2},"end":{"line":129,"column":null}},"52":{"start":{"line":133,"column":2},"end":{"line":135,"column":3}},"53":{"start":{"line":134,"column":3},"end":{"line":134,"column":9}},"54":{"start":{"line":137,"column":2},"end":{"line":137,"column":null}},"55":{"start":{"line":138,"column":2},"end":{"line":138,"column":null}},"56":{"start":{"line":140,"column":2},"end":{"line":142,"column":3}},"57":{"start":{"line":141,"column":3},"end":{"line":141,"column":null}},"58":{"start":{"line":146,"column":2},"end":{"line":148,"column":3}},"59":{"start":{"line":147,"column":3},"end":{"line":147,"column":null}},"60":{"start":{"line":152,"column":2},"end":{"line":154,"column":3}},"61":{"start":{"line":153,"column":3},"end":{"line":153,"column":null}},"62":{"start":{"line":156,"column":2},"end":{"line":156,"column":null}},"63":{"start":{"line":157,"column":2},"end":{"line":157,"column":null}},"64":{"start":{"line":158,"column":2},"end":{"line":158,"column":null}},"65":{"start":{"line":159,"column":2},"end":{"line":159,"column":null}},"66":{"start":{"line":11,"column":0},"end":{"line":11,"column":13}}},"fnMap":{"0":{"name":"(anonymous_0)","decl":{"start":{"line":22,"column":1},"end":{"line":22,"column":13}},"loc":{"start":{"line":22,"column":23},"end":{"line":32,"column":2}}},"1":{"name":"(anonymous_1)","decl":{"start":{"line":34,"column":9},"end":{"line":34,"column":23}},"loc":{"start":{"line":34,"column":23},"end":{"line":36,"column":2}}},"2":{"name":"(anonymous_2)","decl":{"start":{"line":38,"column":8},"end":{"line":38,"column":17}},"loc":{"start":{"line":38,"column":52},"end":{"line":49,"column":2}}},"3":{"name":"(anonymous_3)","decl":{"start":{"line":51,"column":8},"end":{"line":51,"column":20}},"loc":{"start":{"line":51,"column":37},"end":{"line":59,"column":2}}},"4":{"name":"(anonymous_4)","decl":{"start":{"line":61,"column":8},"end":{"line":61,"column":27}},"loc":{"start":{"line":61,"column":42},"end":{"line":63,"column":2}}},"5":{"name":"(anonymous_5)","decl":{"start":{"line":65,"column":8},"end":{"line":65,"column":27}},"loc":{"start":{"line":65,"column":44},"end":{"line":73,"column":2}}},"6":{"name":"(anonymous_6)","decl":{"start":{"line":75,"column":8},"end":{"line":75,"column":27}},"loc":{"start":{"line":75,"column":53},"end":{"line":82,"column":2}}},"7":{"name":"(anonymous_7)","decl":{"start":{"line":84,"column":8},"end":{"line":84,"column":23}},"loc":{"start":{"line":84,"column":33},"end":{"line":86,"column":2}}},"8":{"name":"(anonymous_8)","decl":{"start":{"line":88,"column":8},"end":{"line":88,"column":23}},"loc":{"start":{"line":88,"column":33},"end":{"line":90,"column":2}}},"9":{"name":"(anonymous_9)","decl":{"start":{"line":92,"column":8},"end":{"line":92,"column":20}},"loc":{"start":{"line":92,"column":30},"end":{"line":94,"column":2}}},"10":{"name":"(anonymous_10)","decl":{"start":{"line":96,"column":8},"end":{"line":96,"column":23}},"loc":{"start":{"line":96,"column":23},"end":{"line":105,"column":2}}},"11":{"name":"(anonymous_11)","decl":{"start":{"line":97,"column":54},"end":{"line":97,"column":55}},"loc":{"start":{"line":97,"column":67},"end":{"line":99,"column":4}}},"12":{"name":"(anonymous_12)","decl":{"start":{"line":107,"column":9},"end":{"line":107,"column":20}},"loc":{"start":{"line":107,"column":38},"end":{"line":118,"column":2}}},"13":{"name":"(anonymous_13)","decl":{"start":{"line":120,"column":8},"end":{"line":120,"column":23}},"loc":{"start":{"line":120,"column":37},"end":{"line":130,"column":2}}},"14":{"name":"(anonymous_14)","decl":{"start":{"line":132,"column":8},"end":{"line":132,"column":13}},"loc":{"start":{"line":132,"column":13},"end":{"line":143,"column":2}}},"15":{"name":"(anonymous_15)","decl":{"start":{"line":145,"column":8},"end":{"line":145,"column":15}},"loc":{"start":{"line":145,"column":15},"end":{"line":149,"column":2}}},"16":{"name":"(anonymous_16)","decl":{"start":{"line":151,"column":8},"end":{"line":151,"column":11}},"loc":{"start":{"line":151,"column":11},"end":{"line":160,"column":2}}}},"branchMap":{"0":{"loc":{"start":{"line":39,"column":2},"end":{"line":41,"column":3}},"type":"if","locations":[{"start":{"line":39,"column":2},"end":{"line":41,"column":3}}]},"1":{"loc":{"start":{"line":46,"column":2},"end":{"line":48,"column":3}},"type":"if","locations":[{"start":{"line":46,"column":2},"end":{"line":48,"column":3}}]},"2":{"loc":{"start":{"line":53,"column":2},"end":{"line":55,"column":3}},"type":"if","locations":[{"start":{"line":53,"column":2},"end":{"line":55,"column":3}}]},"3":{"loc":{"start":{"line":67,"column":3},"end":{"line":69,"column":4}},"type":"if","locations":[{"start":{"line":67,"column":3},"end":{"line":69,"column":4}}]},"4":{"loc":{"start":{"line":77,"column":2},"end":{"line":79,"column":3}},"type":"if","locations":[{"start":{"line":77,"column":2},"end":{"line":79,"column":3}}]},"5":{"loc":{"start":{"line":107,"column":21},"end":{"line":107,"column":38}},"type":"default-arg","locations":[{"start":{"line":107,"column":37},"end":{"line":107,"column":38}}]},"6":{"loc":{"start":{"line":133,"column":2},"end":{"line":135,"column":3}},"type":"if","locations":[{"start":{"line":133,"column":2},"end":{"line":135,"column":3}}]}},"s":{"0":3,"1":3,"2":3,"3":3,"4":3,"5":3,"6":5,"7":5,"8":5,"9":5,"10":5,"11":5,"12":5,"13":5,"14":5,"15":2,"16":0,"17":2,"18":2,"19":2,"20":2,"21":0,"22":0,"23":0,"24":0,"25":0,"26":0,"27":1,"28":1,"29":1,"30":0,"31":0,"32":0,"33":0,"34":0,"35":0,"36":0,"37":1,"38":0,"39":1,"40":5,"41":5,"42":50,"43":50,"44":50,"45":50,"46":50,"47":9,"48":9,"49":0,"50":9,"51":9,"52":1,"53":0,"54":1,"55":1,"56":1,"57":0,"58":0,"59":0,"60":3,"61":2,"62":3,"63":3,"64":3,"65":3,"66":3},"f":{"0":5,"1":5,"2":2,"3":0,"4":0,"5":1,"6":0,"7":0,"8":0,"9":0,"10":1,"11":0,"12":5,"13":9,"14":1,"15":0,"16":3},"b":{"0":[0],"1":[2],"2":[0],"3":[1],"4":[0],"5":[0],"6":[0]}}
,"C:\\Users\\Liam\\OneDrive\\Documents\\code\\tetris\\server\\src\\game\\piece.ts": {"path":"C:\\Users\\Liam\\OneDrive\\Documents\\code\\tetris\\server\\src\\game\\piece.ts","statementMap":{"0":{"start":{"line":1,"column":0},"end":{"line":1,"column":63}},"1":{"start":{"line":9,"column":2},"end":{"line":9,"column":null}},"2":{"start":{"line":10,"column":2},"end":{"line":10,"column":null}},"3":{"start":{"line":11,"column":2},"end":{"line":11,"column":null}},"4":{"start":{"line":15,"column":16},"end":{"line":15,"column":39}},"5":{"start":{"line":16,"column":2},"end":{"line":16,"column":null}},"6":{"start":{"line":20,"column":2},"end":{"line":20,"column":null}},"7":{"start":{"line":20,"column":26},"end":{"line":20,"column":34}},"8":{"start":{"line":24,"column":2},"end":{"line":26,"column":null}},"9":{"start":{"line":25,"column":3},"end":{"line":25,"column":null}},"10":{"start":{"line":30,"column":2},"end":{"line":30,"column":null}},"11":{"start":{"line":30,"column":41},"end":{"line":30,"column":84}},"12":{"start":{"line":30,"column":63},"end":{"line":30,"column":73}},"13":{"start":{"line":35,"column":2},"end":{"line":35,"column":null}},"14":{"start":{"line":3,"column":0},"end":{"line":3,"column":13}}},"fnMap":{"0":{"name":"(anonymous_0)","decl":{"start":{"line":8,"column":1},"end":{"line":8,"column":14}},"loc":{"start":{"line":8,"column":67},"end":{"line":12,"column":2}}},"1":{"name":"(anonymous_1)","decl":{"start":{"line":14,"column":1},"end":{"line":14,"column":6}},"loc":{"start":{"line":14,"column":6},"end":{"line":17,"column":2}}},"2":{"name":"(anonymous_2)","decl":{"start":{"line":19,"column":1},"end":{"line":19,"column":11}},"loc":{"start":{"line":19,"column":29},"end":{"line":21,"column":2}}},"3":{"name":"(anonymous_3)","decl":{"start":{"line":20,"column":19},"end":{"line":20,"column":22}},"loc":{"start":{"line":20,"column":26},"end":{"line":20,"column":34}}},"4":{"name":"(anonymous_4)","decl":{"start":{"line":23,"column":1},"end":{"line":23,"column":6}},"loc":{"start":{"line":23,"column":6},"end":{"line":27,"column":2}}},"5":{"name":"(anonymous_5)","decl":{"start":{"line":24,"column":21},"end":{"line":24,"column":24}},"loc":{"start":{"line":24,"column":27},"end":{"line":26,"column":3}}},"6":{"name":"(anonymous_6)","decl":{"start":{"line":29,"column":1},"end":{"line":29,"column":16}},"loc":{"start":{"line":29,"column":16},"end":{"line":31,"column":2}}},"7":{"name":"(anonymous_7)","decl":{"start":{"line":30,"column":27},"end":{"line":30,"column":28}},"loc":{"start":{"line":30,"column":41},"end":{"line":30,"column":84}}},"8":{"name":"(anonymous_8)","decl":{"start":{"line":30,"column":56},"end":{"line":30,"column":59}},"loc":{"start":{"line":30,"column":63},"end":{"line":30,"column":73}}},"9":{"name":"(anonymous_9)","decl":{"start":{"line":33,"column":1},"end":{"line":33,"column":7}},"loc":{"start":{"line":33,"column":7},"end":{"line":36,"column":2}}}},"branchMap":{},"s":{"0":4,"1":60,"2":60,"3":60,"4":9,"5":9,"6":60,"7":120,"8":0,"9":0,"10":3,"11":8,"12":18,"13":3,"14":4},"f":{"0":60,"1":9,"2":60,"3":120,"4":0,"5":0,"6":3,"7":8,"8":18,"9":3},"b":{}}
,"C:\\Users\\Liam\\OneDrive\\Documents\\code\\tetris\\server\\src\\game\\player.ts": {"path":"C:\\Users\\Liam\\OneDrive\\Documents\\code\\tetris\\server\\src\\game\\player.ts","statementMap":{"0":{"start":{"line":1,"column":0},"end":{"line":1,"column":31}},"1":{"start":{"line":6,"column":1},"end":{"line":6,"column":null}},"2":{"start":{"line":10,"column":2},"end":{"line":10,"column":null}},"3":{"start":{"line":11,"column":2},"end":{"line":11,"column":null}},"4":{"start":{"line":15,"column":2},"end":{"line":17,"column":3}},"5":{"start":{"line":16,"column":3},"end":{"line":16,"column":9}},"6":{"start":{"line":19,"column":20},"end":{"line":19,"column":23}},"7":{"start":{"line":20,"column":16},"end":{"line":21,"column":46}},"8":{"start":{"line":23,"column":2},"end":{"line":23,"column":null}},"9":{"start":{"line":27,"column":2},"end":{"line":29,"column":3}},"10":{"start":{"line":28,"column":3},"end":{"line":28,"column":9}},"11":{"start":{"line":31,"column":2},"end":{"line":31,"column":null}},"12":{"start":{"line":35,"column":2},"end":{"line":37,"column":3}},"13":{"start":{"line":36,"column":3},"end":{"line":36,"column":9}},"14":{"start":{"line":39,"column":2},"end":{"line":39,"column":null}},"15":{"start":{"line":43,"column":2},"end":{"line":45,"column":3}},"16":{"start":{"line":44,"column":3},"end":{"line":44,"column":9}},"17":{"start":{"line":47,"column":2},"end":{"line":47,"column":null}},"18":{"start":{"line":51,"column":2},"end":{"line":51,"column":null}},"19":{"start":{"line":55,"column":2},"end":{"line":55,"column":null}},"20":{"start":{"line":59,"column":2},"end":{"line":59,"column":null}},"21":{"start":{"line":4,"column":0},"end":{"line":4,"column":13}}},"fnMap":{"0":{"name":"(anonymous_0)","decl":{"start":{"line":9,"column":1},"end":{"line":9,"column":13}},"loc":{"start":{"line":9,"column":41},"end":{"line":12,"column":2}}},"1":{"name":"(anonymous_1)","decl":{"start":{"line":14,"column":8},"end":{"line":14,"column":19}},"loc":{"start":{"line":14,"column":40},"end":{"line":24,"column":2}}},"2":{"name":"(anonymous_2)","decl":{"start":{"line":26,"column":8},"end":{"line":26,"column":20}},"loc":{"start":{"line":26,"column":20},"end":{"line":32,"column":2}}},"3":{"name":"(anonymous_3)","decl":{"start":{"line":34,"column":8},"end":{"line":34,"column":12}},"loc":{"start":{"line":34,"column":45},"end":{"line":40,"column":2}}},"4":{"name":"(anonymous_4)","decl":{"start":{"line":42,"column":8},"end":{"line":42,"column":14}},"loc":{"start":{"line":42,"column":14},"end":{"line":48,"column":2}}},"5":{"name":"(anonymous_5)","decl":{"start":{"line":50,"column":8},"end":{"line":50,"column":13}},"loc":{"start":{"line":50,"column":13},"end":{"line":52,"column":2}}},"6":{"name":"(anonymous_6)","decl":{"start":{"line":54,"column":8},"end":{"line":54,"column":13}},"loc":{"start":{"line":54,"column":13},"end":{"line":56,"column":2}}},"7":{"name":"(anonymous_7)","decl":{"start":{"line":58,"column":8},"end":{"line":58,"column":15}},"loc":{"start":{"line":58,"column":15},"end":{"line":60,"column":2}}}},"branchMap":{"0":{"loc":{"start":{"line":15,"column":2},"end":{"line":17,"column":3}},"type":"if","locations":[{"start":{"line":15,"column":2},"end":{"line":17,"column":3}}]},"1":{"loc":{"start":{"line":15,"column":6},"end":{"line":15,"column":42}},"type":"binary-expr","locations":[{"start":{"line":15,"column":6},"end":{"line":15,"column":22}},{"start":{"line":15,"column":26},"end":{"line":15,"column":42}}]},"2":{"loc":{"start":{"line":27,"column":2},"end":{"line":29,"column":3}},"type":"if","locations":[{"start":{"line":27,"column":2},"end":{"line":29,"column":3}}]},"3":{"loc":{"start":{"line":35,"column":2},"end":{"line":37,"column":3}},"type":"if","locations":[{"start":{"line":35,"column":2},"end":{"line":37,"column":3}}]},"4":{"loc":{"start":{"line":43,"column":2},"end":{"line":45,"column":3}},"type":"if","locations":[{"start":{"line":43,"column":2},"end":{"line":45,"column":3}}]}},"s":{"0":3,"1":4,"2":4,"3":4,"4":5,"5":1,"6":4,"7":4,"8":4,"9":0,"10":0,"11":0,"12":0,"13":0,"14":0,"15":0,"16":0,"17":0,"18":0,"19":2,"20":0,"21":3},"f":{"0":4,"1":5,"2":0,"3":0,"4":0,"5":0,"6":2,"7":0},"b":{"0":[1],"1":[5,4],"2":[0],"3":[0],"4":[0]}}
,"C:\\Users\\Liam\\OneDrive\\Documents\\code\\tetris\\server\\src\\socket\\handlers.ts": {"path":"C:\\Users\\Liam\\OneDrive\\Documents\\code\\tetris\\server\\src\\socket\\handlers.ts","statementMap":{"0":{"start":{"line":2,"column":0},"end":{"line":2,"column":35}},"1":{"start":{"line":5,"column":33},"end":{"line":5,"column":42}},"2":{"start":{"line":7,"column":38},"end":{"line":100,"column":1}},"3":{"start":{"line":9,"column":1},"end":{"line":26,"column":null}},"4":{"start":{"line":10,"column":19},"end":{"line":10,"column":44}},"5":{"start":{"line":11,"column":23},"end":{"line":11,"column":27}},"6":{"start":{"line":12,"column":2},"end":{"line":15,"column":3}},"7":{"start":{"line":13,"column":3},"end":{"line":13,"column":null}},"8":{"start":{"line":14,"column":3},"end":{"line":14,"column":9}},"9":{"start":{"line":17,"column":13},"end":{"line":17,"column":32}},"10":{"start":{"line":18,"column":2},"end":{"line":22,"column":3}},"11":{"start":{"line":19,"column":3},"end":{"line":19,"column":null}},"12":{"start":{"line":20,"column":3},"end":{"line":20,"column":null}},"13":{"start":{"line":21,"column":3},"end":{"line":21,"column":null}},"14":{"start":{"line":24,"column":2},"end":{"line":24,"column":null}},"15":{"start":{"line":25,"column":2},"end":{"line":25,"column":null}},"16":{"start":{"line":28,"column":1},"end":{"line":36,"column":null}},"17":{"start":{"line":29,"column":23},"end":{"line":29,"column":27}},"18":{"start":{"line":30,"column":2},"end":{"line":32,"column":3}},"19":{"start":{"line":31,"column":3},"end":{"line":31,"column":9}},"20":{"start":{"line":34,"column":13},"end":{"line":34,"column":32}},"21":{"start":{"line":35,"column":2},"end":{"line":35,"column":null}},"22":{"start":{"line":38,"column":1},"end":{"line":46,"column":null}},"23":{"start":{"line":39,"column":23},"end":{"line":39,"column":27}},"24":{"start":{"line":40,"column":2},"end":{"line":42,"column":3}},"25":{"start":{"line":41,"column":3},"end":{"line":41,"column":9}},"26":{"start":{"line":44,"column":13},"end":{"line":44,"column":32}},"27":{"start":{"line":45,"column":2},"end":{"line":45,"column":null}},"28":{"start":{"line":48,"column":1},"end":{"line":62,"column":null}},"29":{"start":{"line":49,"column":2},"end":{"line":49,"column":null}},"30":{"start":{"line":50,"column":23},"end":{"line":50,"column":27}},"31":{"start":{"line":51,"column":2},"end":{"line":53,"column":3}},"32":{"start":{"line":52,"column":3},"end":{"line":52,"column":9}},"33":{"start":{"line":55,"column":15},"end":{"line":55,"column":34}},"34":{"start":{"line":56,"column":2},"end":{"line":56,"column":null}},"35":{"start":{"line":57,"column":2},"end":{"line":57,"column":null}},"36":{"start":{"line":59,"column":2},"end":{"line":61,"column":3}},"37":{"start":{"line":60,"column":3},"end":{"line":60,"column":null}},"38":{"start":{"line":64,"column":1},"end":{"line":73,"column":null}},"39":{"start":{"line":65,"column":34},"end":{"line":65,"column":38}},"40":{"start":{"line":66,"column":2},"end":{"line":68,"column":3}},"41":{"start":{"line":67,"column":3},"end":{"line":67,"column":9}},"42":{"start":{"line":70,"column":15},"end":{"line":70,"column":34}},"43":{"start":{"line":71,"column":17},"end":{"line":71,"column":53}},"44":{"start":{"line":72,"column":2},"end":{"line":72,"column":null}},"45":{"start":{"line":75,"column":1},"end":{"line":84,"column":null}},"46":{"start":{"line":76,"column":23},"end":{"line":76,"column":27}},"47":{"start":{"line":77,"column":2},"end":{"line":79,"column":3}},"48":{"start":{"line":78,"column":3},"end":{"line":78,"column":9}},"49":{"start":{"line":81,"column":15},"end":{"line":81,"column":34}},"50":{"start":{"line":82,"column":17},"end":{"line":82,"column":53}},"51":{"start":{"line":83,"column":2},"end":{"line":83,"column":null}},"52":{"start":{"line":86,"column":1},"end":{"line":95,"column":null}},"53":{"start":{"line":87,"column":23},"end":{"line":87,"column":27}},"54":{"start":{"line":88,"column":2},"end":{"line":90,"column":3}},"55":{"start":{"line":89,"column":3},"end":{"line":89,"column":9}},"56":{"start":{"line":92,"column":15},"end":{"line":92,"column":34}},"57":{"start":{"line":93,"column":17},"end":{"line":93,"column":53}},"58":{"start":{"line":94,"column":2},"end":{"line":94,"column":null}},"59":{"start":{"line":97,"column":1},"end":{"line":99,"column":null}},"60":{"start":{"line":98,"column":2},"end":{"line":98,"column":null}},"61":{"start":{"line":7,"column":13},"end":{"line":7,"column":38}}},"fnMap":{"0":{"name":"(anonymous_0)","decl":{"start":{"line":7,"column":38},"end":{"line":7,"column":39}},"loc":{"start":{"line":7,"column":69},"end":{"line":100,"column":1}}},"1":{"name":"(anonymous_1)","decl":{"start":{"line":9,"column":24},"end":{"line":9,"column":25}},"loc":{"start":{"line":9,"column":33},"end":{"line":26,"column":2}}},"2":{"name":"(anonymous_2)","decl":{"start":{"line":28,"column":25},"end":{"line":28,"column":26}},"loc":{"start":{"line":28,"column":34},"end":{"line":36,"column":2}}},"3":{"name":"(anonymous_3)","decl":{"start":{"line":38,"column":27},"end":{"line":38,"column":28}},"loc":{"start":{"line":38,"column":36},"end":{"line":46,"column":2}}},"4":{"name":"(anonymous_4)","decl":{"start":{"line":48,"column":24},"end":{"line":48,"column":25}},"loc":{"start":{"line":48,"column":33},"end":{"line":62,"column":2}}},"5":{"name":"(anonymous_5)","decl":{"start":{"line":64,"column":19},"end":{"line":64,"column":20}},"loc":{"start":{"line":64,"column":28},"end":{"line":73,"column":2}}},"6":{"name":"(anonymous_6)","decl":{"start":{"line":75,"column":21},"end":{"line":75,"column":22}},"loc":{"start":{"line":75,"column":30},"end":{"line":84,"column":2}}},"7":{"name":"(anonymous_7)","decl":{"start":{"line":86,"column":27},"end":{"line":86,"column":28}},"loc":{"start":{"line":86,"column":36},"end":{"line":95,"column":2}}},"8":{"name":"(anonymous_8)","decl":{"start":{"line":97,"column":25},"end":{"line":97,"column":28}},"loc":{"start":{"line":97,"column":30},"end":{"line":99,"column":2}}}},"branchMap":{"0":{"loc":{"start":{"line":12,"column":2},"end":{"line":15,"column":3}},"type":"if","locations":[{"start":{"line":12,"column":2},"end":{"line":15,"column":3}}]},"1":{"loc":{"start":{"line":18,"column":2},"end":{"line":22,"column":3}},"type":"if","locations":[{"start":{"line":18,"column":2},"end":{"line":22,"column":3}}]},"2":{"loc":{"start":{"line":30,"column":2},"end":{"line":32,"column":3}},"type":"if","locations":[{"start":{"line":30,"column":2},"end":{"line":32,"column":3}}]},"3":{"loc":{"start":{"line":35,"column":2},"end":{"line":35,"column":15}},"type":"cond-expr","locations":[{"start":{"line":35,"column":6},"end":{"line":35,"column":8}},{"start":{"line":35,"column":2},"end":{"line":35,"column":15}}]},"4":{"loc":{"start":{"line":35,"column":2},"end":{"line":35,"column":8}},"type":"binary-expr","locations":[{"start":{"line":35,"column":2},"end":{"line":35,"column":8}},{"start":{"line":35,"column":2},"end":{"line":35,"column":8}}]},"5":{"loc":{"start":{"line":40,"column":2},"end":{"line":42,"column":3}},"type":"if","locations":[{"start":{"line":40,"column":2},"end":{"line":42,"column":3}}]},"6":{"loc":{"start":{"line":45,"column":2},"end":{"line":45,"column":17}},"type":"cond-expr","locations":[{"start":{"line":45,"column":6},"end":{"line":45,"column":8}},{"start":{"line":45,"column":2},"end":{"line":45,"column":17}}]},"7":{"loc":{"start":{"line":45,"column":2},"end":{"line":45,"column":8}},"type":"binary-expr","locations":[{"start":{"line":45,"column":2},"end":{"line":45,"column":8}},{"start":{"line":45,"column":2},"end":{"line":45,"column":8}}]},"8":{"loc":{"start":{"line":51,"column":2},"end":{"line":53,"column":3}},"type":"if","locations":[{"start":{"line":51,"column":2},"end":{"line":53,"column":3}}]},"9":{"loc":{"start":{"line":56,"column":2},"end":{"line":56,"column":31}},"type":"cond-expr","locations":[{"start":{"line":56,"column":6},"end":{"line":56,"column":8}},{"start":{"line":56,"column":2},"end":{"line":56,"column":31}}]},"10":{"loc":{"start":{"line":56,"column":2},"end":{"line":56,"column":8}},"type":"binary-expr","locations":[{"start":{"line":56,"column":2},"end":{"line":56,"column":8}},{"start":{"line":56,"column":2},"end":{"line":56,"column":8}}]},"11":{"loc":{"start":{"line":57,"column":30},"end":{"line":57,"column":43}},"type":"cond-expr","locations":[{"start":{"line":57,"column":34},"end":{"line":57,"column":36}},{"start":{"line":57,"column":30},"end":{"line":57,"column":43}}]},"12":{"loc":{"start":{"line":57,"column":30},"end":{"line":57,"column":36}},"type":"binary-expr","locations":[{"start":{"line":57,"column":30},"end":{"line":57,"column":36}},{"start":{"line":57,"column":30},"end":{"line":57,"column":36}}]},"13":{"loc":{"start":{"line":59,"column":2},"end":{"line":61,"column":3}},"type":"if","locations":[{"start":{"line":59,"column":2},"end":{"line":61,"column":3}}]},"14":{"loc":{"start":{"line":59,"column":6},"end":{"line":59,"column":24}},"type":"cond-expr","locations":[{"start":{"line":59,"column":10},"end":{"line":59,"column":12}},{"start":{"line":59,"column":6},"end":{"line":59,"column":24}}]},"15":{"loc":{"start":{"line":59,"column":6},"end":{"line":59,"column":12}},"type":"binary-expr","locations":[{"start":{"line":59,"column":6},"end":{"line":59,"column":12}},{"start":{"line":59,"column":6},"end":{"line":59,"column":12}}]},"16":{"loc":{"start":{"line":66,"column":2},"end":{"line":68,"column":3}},"type":"if","locations":[{"start":{"line":66,"column":2},"end":{"line":68,"column":3}}]},"17":{"loc":{"start":{"line":66,"column":6},"end":{"line":66,"column":55}},"type":"binary-expr","locations":[{"start":{"line":66,"column":6},"end":{"line":66,"column":28}},{"start":{"line":66,"column":32},"end":{"line":66,"column":55}}]},"18":{"loc":{"start":{"line":71,"column":17},"end":{"line":71,"column":53}},"type":"cond-expr","locations":[{"start":{"line":71,"column":21},"end":{"line":71,"column":23}},{"start":{"line":71,"column":17},"end":{"line":71,"column":53}}]},"19":{"loc":{"start":{"line":71,"column":17},"end":{"line":71,"column":23}},"type":"binary-expr","locations":[{"start":{"line":71,"column":17},"end":{"line":71,"column":23}},{"start":{"line":71,"column":17},"end":{"line":71,"column":23}}]},"20":{"loc":{"start":{"line":72,"column":2},"end":{"line":72,"column":30}},"type":"cond-expr","locations":[{"start":{"line":72,"column":8},"end":{"line":72,"column":10}},{"start":{"line":72,"column":2},"end":{"line":72,"column":30}}]},"21":{"loc":{"start":{"line":72,"column":2},"end":{"line":72,"column":10}},"type":"binary-expr","locations":[{"start":{"line":72,"column":2},"end":{"line":72,"column":10}},{"start":{"line":72,"column":2},"end":{"line":72,"column":10}}]},"22":{"loc":{"start":{"line":77,"column":2},"end":{"line":79,"column":3}},"type":"if","locations":[{"start":{"line":77,"column":2},"end":{"line":79,"column":3}}]},"23":{"loc":{"start":{"line":82,"column":17},"end":{"line":82,"column":53}},"type":"cond-expr","locations":[{"start":{"line":82,"column":21},"end":{"line":82,"column":23}},{"start":{"line":82,"column":17},"end":{"line":82,"column":53}}]},"24":{"loc":{"start":{"line":82,"column":17},"end":{"line":82,"column":23}},"type":"binary-expr","locations":[{"start":{"line":82,"column":17},"end":{"line":82,"column":23}},{"start":{"line":82,"column":17},"end":{"line":82,"column":23}}]},"25":{"loc":{"start":{"line":83,"column":2},"end":{"line":83,"column":18}},"type":"cond-expr","locations":[{"start":{"line":83,"column":8},"end":{"line":83,"column":10}},{"start":{"line":83,"column":2},"end":{"line":83,"column":18}}]},"26":{"loc":{"start":{"line":83,"column":2},"end":{"line":83,"column":10}},"type":"binary-expr","locations":[{"start":{"line":83,"column":2},"end":{"line":83,"column":10}},{"start":{"line":83,"column":2},"end":{"line":83,"column":10}}]},"27":{"loc":{"start":{"line":88,"column":2},"end":{"line":90,"column":3}},"type":"if","locations":[{"start":{"line":88,"column":2},"end":{"line":90,"column":3}}]},"28":{"loc":{"start":{"line":93,"column":17},"end":{"line":93,"column":53}},"type":"cond-expr","locations":[{"start":{"line":93,"column":21},"end":{"line":93,"column":23}},{"start":{"line":93,"column":17},"end":{"line":93,"column":53}}]},"29":{"loc":{"start":{"line":93,"column":17},"end":{"line":93,"column":23}},"type":"binary-expr","locations":[{"start":{"line":93,"column":17},"end":{"line":93,"column":23}},{"start":{"line":93,"column":17},"end":{"line":93,"column":23}}]},"30":{"loc":{"start":{"line":94,"column":2},"end":{"line":94,"column":24}},"type":"cond-expr","locations":[{"start":{"line":94,"column":8},"end":{"line":94,"column":10}},{"start":{"line":94,"column":2},"end":{"line":94,"column":24}}]},"31":{"loc":{"start":{"line":94,"column":2},"end":{"line":94,"column":10}},"type":"binary-expr","locations":[{"start":{"line":94,"column":2},"end":{"line":94,"column":10}},{"start":{"line":94,"column":2},"end":{"line":94,"column":10}}]}},"s":{"0":3,"1":3,"2":3,"3":0,"4":0,"5":0,"6":0,"7":0,"8":0,"9":0,"10":0,"11":0,"12":0,"13":0,"14":0,"15":0,"16":0,"17":0,"18":0,"19":0,"20":0,"21":0,"22":0,"23":0,"24":0,"25":0,"26":0,"27":0,"28":0,"29":0,"30":0,"31":0,"32":0,"33":0,"34":0,"35":0,"36":0,"37":0,"38":0,"39":0,"40":0,"41":0,"42":0,"43":0,"44":0,"45":0,"46":0,"47":0,"48":0,"49":0,"50":0,"51":0,"52":0,"53":0,"54":0,"55":0,"56":0,"57":0,"58":0,"59":0,"60":0,"61":3},"f":{"0":0,"1":0,"2":0,"3":0,"4":0,"5":0,"6":0,"7":0,"8":0},"b":{"0":[0],"1":[0],"2":[0],"3":[0,0],"4":[0,0],"5":[0],"6":[0,0],"7":[0,0],"8":[0],"9":[0,0],"10":[0,0],"11":[0,0],"12":[0,0],"13":[0],"14":[0,0],"15":[0,0],"16":[0],"17":[0,0],"18":[0,0],"19":[0,0],"20":[0,0],"21":[0,0],"22":[0],"23":[0,0],"24":[0,0],"25":[0,0],"26":[0,0],"27":[0],"28":[0,0],"29":[0,0],"30":[0,0],"31":[0,0]}}
,"C:\\Users\\Liam\\OneDrive\\Documents\\code\\tetris\\server\\src\\socket\\io.ts": {"path":"C:\\Users\\Liam\\OneDrive\\Documents\\code\\tetris\\server\\src\\socket\\io.ts","statementMap":{"0":{"start":{"line":1,"column":0},"end":{"line":1,"column":60}},"1":{"start":{"line":3,"column":0},"end":{"line":3,"column":34}},"2":{"start":{"line":4,"column":0},"end":{"line":4,"column":34}},"3":{"start":{"line":5,"column":0},"end":{"line":5,"column":51}},"4":{"start":{"line":12,"column":13},"end":{"line":18,"column":null}},"5":{"start":{"line":20,"column":0},"end":{"line":56,"column":null}},"6":{"start":{"line":21,"column":17},"end":{"line":21,"column":48}},"7":{"start":{"line":23,"column":1},"end":{"line":26,"column":2}},"8":{"start":{"line":24,"column":2},"end":{"line":24,"column":null}},"9":{"start":{"line":25,"column":2},"end":{"line":25,"column":null}},"10":{"start":{"line":29,"column":19},"end":{"line":33,"column":null}},"11":{"start":{"line":31,"column":25},"end":{"line":31,"column":42}},"12":{"start":{"line":32,"column":3},"end":{"line":32,"column":null}},"13":{"start":{"line":36,"column":15},"end":{"line":36,"column":36}},"14":{"start":{"line":38,"column":1},"end":{"line":41,"column":2}},"15":{"start":{"line":39,"column":2},"end":{"line":39,"column":null}},"16":{"start":{"line":40,"column":2},"end":{"line":40,"column":null}},"17":{"start":{"line":43,"column":1},"end":{"line":55,"column":null}},"18":{"start":{"line":44,"column":2},"end":{"line":46,"column":3}},"19":{"start":{"line":45,"column":3},"end":{"line":45,"column":null}},"20":{"start":{"line":48,"column":2},"end":{"line":54,"column":3}},"21":{"start":{"line":49,"column":3},"end":{"line":49,"column":null}},"22":{"start":{"line":50,"column":3},"end":{"line":50,"column":null}},"23":{"start":{"line":53,"column":3},"end":{"line":53,"column":null}},"24":{"start":{"line":58,"column":0},"end":{"line":61,"column":null}},"25":{"start":{"line":59,"column":1},"end":{"line":59,"column":null}},"26":{"start":{"line":60,"column":1},"end":{"line":60,"column":null}}},"fnMap":{"0":{"name":"(anonymous_1)","decl":{"start":{"line":20,"column":7},"end":{"line":20,"column":8}},"loc":{"start":{"line":20,"column":24},"end":{"line":56,"column":1}}},"1":{"name":"(anonymous_2)","decl":{"start":{"line":30,"column":26},"end":{"line":30,"column":32}},"loc":{"start":{"line":30,"column":35},"end":{"line":33,"column":3}}},"2":{"name":"(anonymous_3)","decl":{"start":{"line":43,"column":44},"end":{"line":43,"column":45}},"loc":{"start":{"line":43,"column":115},"end":{"line":55,"column":2}}},"3":{"name":"(anonymous_4)","decl":{"start":{"line":58,"column":20},"end":{"line":58,"column":21}},"loc":{"start":{"line":58,"column":31},"end":{"line":61,"column":1}}}},"branchMap":{"0":{"loc":{"start":{"line":23,"column":1},"end":{"line":26,"column":2}},"type":"if","locations":[{"start":{"line":23,"column":1},"end":{"line":26,"column":2}}]},"1":{"loc":{"start":{"line":38,"column":1},"end":{"line":41,"column":2}},"type":"if","locations":[{"start":{"line":38,"column":1},"end":{"line":41,"column":2}}]},"2":{"loc":{"start":{"line":44,"column":2},"end":{"line":46,"column":3}},"type":"if","locations":[{"start":{"line":44,"column":2},"end":{"line":46,"column":3}}]},"3":{"loc":{"start":{"line":48,"column":2},"end":{"line":54,"column":3}},"type":"if","locations":[{"start":{"line":48,"column":2},"end":{"line":54,"column":3}},{"start":{"line":52,"column":9},"end":{"line":54,"column":3}}]},"4":{"loc":{"start":{"line":48,"column":6},"end":{"line":48,"column":44}},"type":"binary-expr","locations":[{"start":{"line":48,"column":6},"end":{"line":48,"column":13}},{"start":{"line":48,"column":17},"end":{"line":48,"column":44}}]}},"s":{"0":3,"1":3,"2":3,"3":3,"4":3,"5":3,"6":0,"7":0,"8":0,"9":0,"10":0,"11":0,"12":0,"13":0,"14":0,"15":0,"16":0,"17":0,"18":0,"19":0,"20":0,"21":0,"22":0,"23":0,"24":3,"25":0,"26":0},"f":{"0":0,"1":0,"2":0,"3":0},"b":{"0":[0],"1":[0],"2":[0],"3":[0,0],"4":[0,0]}}
,"C:\\Users\\Liam\\OneDrive\\Documents\\code\\tetris\\server\\src\\utils\\auth.ts": {"path":"C:\\Users\\Liam\\OneDrive\\Documents\\code\\tetris\\server\\src\\utils\\auth.ts","statementMap":{"0":{"start":{"line":1,"column":0},"end":{"line":1,"column":46}},"1":{"start":{"line":3,"column":28},"end":{"line":3,"column":33}},"2":{"start":{"line":4,"column":29},"end":{"line":4,"column":33}},"3":{"start":{"line":14,"column":35},"end":{"line":18,"column":1}},"4":{"start":{"line":15,"column":2},"end":{"line":17,"column":null}},"5":{"start":{"line":14,"column":13},"end":{"line":14,"column":35}},"6":{"start":{"line":21,"column":36},"end":{"line":25,"column":1}},"7":{"start":{"line":22,"column":2},"end":{"line":24,"column":null}},"8":{"start":{"line":21,"column":13},"end":{"line":21,"column":36}},"9":{"start":{"line":28,"column":27},"end":{"line":35,"column":1}},"10":{"start":{"line":29,"column":2},"end":{"line":34,"column":3}},"11":{"start":{"line":30,"column":4},"end":{"line":30,"column":null}},"12":{"start":{"line":33,"column":4},"end":{"line":33,"column":null}},"13":{"start":{"line":28,"column":13},"end":{"line":28,"column":27}}},"fnMap":{"0":{"name":"(anonymous_1)","decl":{"start":{"line":14,"column":35},"end":{"line":14,"column":36}},"loc":{"start":{"line":14,"column":69},"end":{"line":18,"column":1}}},"1":{"name":"(anonymous_2)","decl":{"start":{"line":21,"column":36},"end":{"line":21,"column":37}},"loc":{"start":{"line":21,"column":70},"end":{"line":25,"column":1}}},"2":{"name":"(anonymous_3)","decl":{"start":{"line":28,"column":27},"end":{"line":28,"column":28}},"loc":{"start":{"line":28,"column":45},"end":{"line":35,"column":1}}}},"branchMap":{},"s":{"0":3,"1":3,"2":3,"3":3,"4":0,"5":3,"6":3,"7":0,"8":3,"9":3,"10":0,"11":0,"12":0,"13":3},"f":{"0":0,"1":0,"2":0},"b":{}}
}
