TN:
SF:src\server.ts
FN:35,(anonymous_1)
FN:40,(anonymous_2)
FNF:2
FNH:0
FNDA:0,(anonymous_1)
FNDA:0,(anonymous_2)
DA:1,3
DA:2,3
DA:3,3
DA:4,3
DA:6,3
DA:8,3
DA:9,3
DA:10,3
DA:12,3
DA:14,3
DA:15,0
DA:18,3
DA:20,3
DA:21,3
DA:22,3
DA:28,3
DA:30,3
DA:32,3
DA:33,0
DA:34,0
DA:35,0
DA:36,0
DA:40,3
DA:41,0
DA:45,3
LF:25
LH:19
BRDA:12,0,0,3
BRDA:12,0,1,0
BRDA:14,1,0,0
BRDA:32,2,0,0
BRDA:32,2,1,3
BRF:5
BRH:2
end_of_record
TN:
SF:src\api\auth\auth.ts
FN:20,(anonymous_8)
FN:20,(anonymous_9)
FN:81,(anonymous_10)
FN:81,(anonymous_11)
FN:97,(anonymous_12)
FN:97,(anonymous_13)
FN:142,(anonymous_14)
FN:142,(anonymous_15)
FNF:8
FNH:0
FNDA:0,(anonymous_8)
FNDA:0,(anonymous_9)
FNDA:0,(anonymous_10)
FNDA:0,(anonymous_11)
FNDA:0,(anonymous_12)
FNDA:0,(anonymous_13)
FNDA:0,(anonymous_14)
FNDA:0,(anonymous_15)
DA:1,3
DA:2,3
DA:3,3
DA:5,3
DA:7,3
DA:9,3
DA:12,3
DA:20,0
DA:22,0
DA:23,0
DA:24,0
DA:25,0
DA:26,0
DA:29,0
DA:31,0
DA:32,0
DA:33,0
DA:34,0
DA:35,0
DA:38,0
DA:39,0
DA:40,0
DA:41,0
DA:44,0
DA:49,0
DA:50,0
DA:52,0
DA:59,0
DA:66,0
DA:75,0
DA:76,0
DA:80,3
DA:81,0
DA:82,0
DA:83,0
DA:85,0
DA:90,3
DA:97,0
DA:99,0
DA:100,0
DA:101,0
DA:102,0
DA:103,0
DA:106,0
DA:108,0
DA:109,0
DA:110,0
DA:111,0
DA:112,0
DA:115,0
DA:116,0
DA:121,0
DA:130,0
DA:132,0
DA:133,0
DA:134,0
DA:137,0
DA:142,3
DA:143,0
DA:144,0
DA:145,0
DA:146,0
DA:149,0
DA:150,0
DA:151,0
DA:152,0
DA:155,0
DA:156,0
DA:157,0
DA:158,0
DA:161,0
DA:162,0
DA:163,0
DA:165,0
DA:166,0
DA:167,0
DA:170,0
DA:171,0
DA:178,0
DA:187,3
LF:80
LH:11
BRDA:23,0,0,0
BRDA:33,1,0,0
BRDA:39,2,0,0
BRDA:100,3,0,0
BRDA:110,4,0,0
BRDA:132,5,0,0
BRDA:143,6,0,0
BRDA:143,6,1,0
BRDA:143,7,0,0
BRDA:143,7,1,0
BRDA:144,8,0,0
BRDA:150,9,0,0
BRDA:156,10,0,0
BRDA:162,11,0,0
BRDA:162,11,1,0
BRDA:165,12,0,0
BRF:16
BRH:0
end_of_record
TN:
SF:src\config\dotenv.ts
FNF:0
FNH:0
DA:1,3
DA:3,3
LF:2
LH:2
BRF:0
BRH:0
end_of_record
TN:
SF:src\db\index.ts
FNF:0
FNH:0
DA:1,3
DA:3,3
DA:9,3
LF:3
LH:3
BRF:0
BRH:0
end_of_record
TN:
SF:src\db\models\User.ts
FNF:0
FNH:0
DA:1,3
DA:2,3
DA:14,3
DA:42,3
LF:4
LH:4
BRF:0
BRH:0
end_of_record
TN:
SF:src\db\utils\init.ts
FN:3,(anonymous_8)
FN:3,(anonymous_9)
FNF:2
FNH:0
FNDA:0,(anonymous_8)
FNDA:0,(anonymous_9)
DA:1,3
DA:3,3
DA:4,0
DA:5,0
DA:6,0
DA:8,0
DA:9,0
DA:12,0
DA:16,3
LF:9
LH:3
BRF:0
BRH:0
end_of_record
TN:
SF:src\game\board.ts
FN:21,(anonymous_0)
FN:29,(anonymous_1)
FN:35,(anonymous_2)
FN:36,(anonymous_3)
FN:37,(anonymous_4)
FN:54,(anonymous_5)
FN:61,(anonymous_6)
FN:69,(anonymous_7)
FN:70,(anonymous_8)
FN:76,(anonymous_9)
FN:78,(anonymous_10)
FN:78,(anonymous_11)
FN:80,(anonymous_12)
FN:87,(anonymous_13)
FN:88,(anonymous_14)
FN:91,(anonymous_15)
FN:92,(anonymous_16)
FN:106,(anonymous_17)
FN:112,(anonymous_18)
FN:119,(anonymous_19)
FN:135,(anonymous_20)
FN:138,(anonymous_21)
FN:139,(anonymous_22)
FN:149,(anonymous_23)
FN:156,(anonymous_24)
FN:162,(anonymous_25)
FN:178,(anonymous_26)
FN:196,(anonymous_27)
FN:235,(anonymous_28)
FN:236,(anonymous_29)
FN:256,(anonymous_30)
FN:261,(anonymous_31)
FN:270,(anonymous_32)
FN:274,(anonymous_33)
FN:283,(anonymous_34)
FNF:35
FNH:12
FNDA:4,(anonymous_0)
FNDA:80,(anonymous_1)
FNDA:0,(anonymous_2)
FNDA:0,(anonymous_3)
FNDA:0,(anonymous_4)
FNDA:0,(anonymous_5)
FNDA:0,(anonymous_6)
FNDA:1,(anonymous_7)
FNDA:1,(anonymous_8)
FNDA:0,(anonymous_9)
FNDA:0,(anonymous_10)
FNDA:0,(anonymous_11)
FNDA:0,(anonymous_12)
FNDA:1,(anonymous_13)
FNDA:20,(anonymous_14)
FNDA:2,(anonymous_15)
FNDA:6,(anonymous_16)
FNDA:0,(anonymous_17)
FNDA:8,(anonymous_18)
FNDA:0,(anonymous_19)
FNDA:0,(anonymous_20)
FNDA:0,(anonymous_21)
FNDA:0,(anonymous_22)
FNDA:1,(anonymous_23)
FNDA:0,(anonymous_24)
FNDA:0,(anonymous_25)
FNDA:0,(anonymous_26)
FNDA:0,(anonymous_27)
FNDA:0,(anonymous_28)
FNDA:0,(anonymous_29)
FNDA:2,(anonymous_30)
FNDA:0,(anonymous_31)
FNDA:2,(anonymous_32)
FNDA:0,(anonymous_33)
FNDA:0,(anonymous_34)
DA:5,3
DA:7,3
DA:14,4
DA:16,4
DA:17,4
DA:19,4
DA:22,4
DA:24,4
DA:25,4
DA:26,4
DA:28,4
DA:29,80
DA:36,0
DA:37,0
DA:38,0
DA:39,0
DA:42,0
DA:43,0
DA:45,0
DA:55,0
DA:57,0
DA:58,0
DA:62,0
DA:64,0
DA:65,0
DA:66,0
DA:70,1
DA:71,1
DA:73,1
DA:77,0
DA:78,0
DA:79,0
DA:80,0
DA:82,0
DA:83,0
DA:84,0
DA:88,20
DA:89,1
DA:91,1
DA:92,2
DA:93,6
DA:94,4
DA:95,4
DA:96,4
DA:97,0
DA:103,1
DA:107,0
DA:109,0
DA:113,8
DA:114,8
DA:116,8
DA:120,0
DA:121,0
DA:124,0
DA:125,0
DA:127,0
DA:132,0
DA:136,0
DA:138,0
DA:139,0
DA:140,0
DA:141,0
DA:144,0
DA:150,1
DA:157,0
DA:158,0
DA:163,0
DA:165,0
DA:166,0
DA:169,0
DA:171,0
DA:175,0
DA:179,0
DA:180,0
DA:182,0
DA:183,0
DA:186,0
DA:187,0
DA:189,0
DA:193,0
DA:197,0
DA:198,0
DA:200,0
DA:201,0
DA:202,0
DA:205,0
DA:206,0
DA:207,0
DA:209,0
DA:218,0
DA:223,0
DA:224,0
DA:225,0
DA:229,0
DA:232,0
DA:236,0
DA:238,0
DA:240,0
DA:241,0
DA:244,0
DA:246,0
DA:247,0
DA:249,0
DA:250,0
DA:253,0
DA:257,2
DA:258,2
DA:262,0
DA:263,0
DA:266,0
DA:267,0
DA:271,2
DA:275,0
DA:277,0
DA:278,0
DA:279,0
DA:280,0
DA:281,0
DA:283,0
DA:284,0
LF:120
LH:31
BRDA:38,0,0,0
BRDA:46,1,0,0
BRDA:46,1,1,0
BRDA:46,1,2,0
BRDA:46,1,3,0
BRDA:46,1,4,0
BRDA:48,2,0,0
BRDA:48,2,1,0
BRDA:93,3,0,4
BRDA:96,4,0,0
BRDA:96,5,0,4
BRDA:96,5,1,4
BRDA:96,5,2,4
BRDA:96,5,3,0
BRDA:120,6,0,0
BRDA:140,7,0,0
BRDA:140,8,0,0
BRDA:140,8,1,0
BRDA:165,9,0,0
BRDA:182,10,0,0
BRDA:198,11,0,0
BRDA:200,12,0,0
BRDA:200,12,1,0
BRDA:206,13,0,0
BRDA:223,14,0,0
BRDA:240,15,0,0
BRDA:262,16,0,0
BRF:27
BRH:4
end_of_record
TN:
SF:src\game\game.ts
FN:22,(anonymous_0)
FN:34,(anonymous_1)
FN:38,(anonymous_2)
FN:51,(anonymous_3)
FN:61,(anonymous_4)
FN:65,(anonymous_5)
FN:75,(anonymous_6)
FN:84,(anonymous_7)
FN:88,(anonymous_8)
FN:92,(anonymous_9)
FN:96,(anonymous_10)
FN:97,(anonymous_11)
FN:107,(anonymous_12)
FN:120,(anonymous_13)
FN:132,(anonymous_14)
FN:145,(anonymous_15)
FN:151,(anonymous_16)
FNF:17
FNH:9
FNDA:5,(anonymous_0)
FNDA:5,(anonymous_1)
FNDA:2,(anonymous_2)
FNDA:0,(anonymous_3)
FNDA:0,(anonymous_4)
FNDA:1,(anonymous_5)
FNDA:0,(anonymous_6)
FNDA:0,(anonymous_7)
FNDA:0,(anonymous_8)
FNDA:0,(anonymous_9)
FNDA:1,(anonymous_10)
FNDA:0,(anonymous_11)
FNDA:5,(anonymous_12)
FNDA:9,(anonymous_13)
FNDA:1,(anonymous_14)
FNDA:0,(anonymous_15)
FNDA:3,(anonymous_16)
DA:1,3
DA:3,3
DA:4,3
DA:6,3
DA:8,3
DA:9,3
DA:11,3
DA:13,5
DA:23,5
DA:24,5
DA:25,5
DA:26,5
DA:28,5
DA:29,5
DA:31,5
DA:35,5
DA:39,2
DA:40,0
DA:43,2
DA:44,2
DA:46,2
DA:47,2
DA:52,0
DA:53,0
DA:54,0
DA:57,0
DA:58,0
DA:62,0
DA:66,1
DA:67,1
DA:68,1
DA:72,0
DA:76,0
DA:77,0
DA:78,0
DA:81,0
DA:85,0
DA:89,0
DA:97,1
DA:101,1
DA:108,5
DA:109,50
DA:110,50
DA:111,50
DA:112,50
DA:116,50
DA:122,9
DA:124,9
DA:125,0
DA:128,9
DA:129,9
DA:133,1
DA:134,0
DA:137,1
DA:138,1
DA:140,1
DA:141,0
DA:146,0
DA:147,0
DA:152,3
DA:153,2
DA:156,3
DA:157,3
DA:158,3
DA:159,3
LF:65
LH:46
BRDA:39,0,0,0
BRDA:46,1,0,2
BRDA:53,2,0,0
BRDA:67,3,0,1
BRDA:77,4,0,0
BRDA:107,5,0,0
BRDA:133,6,0,0
BRF:7
BRH:2
end_of_record
TN:
SF:src\game\piece.ts
FN:8,(anonymous_0)
FN:14,(anonymous_1)
FN:19,(anonymous_2)
FN:20,(anonymous_3)
FN:23,(anonymous_4)
FN:24,(anonymous_5)
FN:29,(anonymous_6)
FN:30,(anonymous_7)
FN:30,(anonymous_8)
FN:33,(anonymous_9)
FNF:10
FNH:8
FNDA:60,(anonymous_0)
FNDA:9,(anonymous_1)
FNDA:60,(anonymous_2)
FNDA:120,(anonymous_3)
FNDA:0,(anonymous_4)
FNDA:0,(anonymous_5)
FNDA:3,(anonymous_6)
FNDA:8,(anonymous_7)
FNDA:18,(anonymous_8)
FNDA:3,(anonymous_9)
DA:1,4
DA:3,4
DA:9,60
DA:10,60
DA:11,60
DA:15,9
DA:16,9
DA:20,120
DA:24,0
DA:25,0
DA:30,18
DA:35,3
LF:12
LH:10
BRF:0
BRH:0
end_of_record
TN:
SF:src\game\player.ts
FN:9,(anonymous_0)
FN:14,(anonymous_1)
FN:26,(anonymous_2)
FN:34,(anonymous_3)
FN:42,(anonymous_4)
FN:50,(anonymous_5)
FN:54,(anonymous_6)
FN:58,(anonymous_7)
FNF:8
FNH:3
FNDA:4,(anonymous_0)
FNDA:5,(anonymous_1)
FNDA:0,(anonymous_2)
FNDA:0,(anonymous_3)
FNDA:0,(anonymous_4)
FNDA:0,(anonymous_5)
FNDA:2,(anonymous_6)
FNDA:0,(anonymous_7)
DA:1,3
DA:4,3
DA:6,4
DA:10,4
DA:11,4
DA:15,5
DA:16,1
DA:19,4
DA:20,4
DA:23,4
DA:27,0
DA:28,0
DA:31,0
DA:35,0
DA:36,0
DA:39,0
DA:43,0
DA:44,0
DA:47,0
DA:51,0
DA:55,2
DA:59,0
LF:22
LH:11
BRDA:15,0,0,1
BRDA:15,1,0,5
BRDA:15,1,1,4
BRDA:27,2,0,0
BRDA:35,3,0,0
BRDA:43,4,0,0
BRF:6
BRH:3
end_of_record
TN:
SF:src\socket\handlers.ts
FN:7,(anonymous_0)
FN:9,(anonymous_1)
FN:28,(anonymous_2)
FN:38,(anonymous_3)
FN:48,(anonymous_4)
FN:64,(anonymous_5)
FN:75,(anonymous_6)
FN:86,(anonymous_7)
FN:97,(anonymous_8)
FNF:9
FNH:0
FNDA:0,(anonymous_0)
FNDA:0,(anonymous_1)
FNDA:0,(anonymous_2)
FNDA:0,(anonymous_3)
FNDA:0,(anonymous_4)
FNDA:0,(anonymous_5)
FNDA:0,(anonymous_6)
FNDA:0,(anonymous_7)
FNDA:0,(anonymous_8)
DA:2,3
DA:5,3
DA:7,3
DA:9,0
DA:10,0
DA:11,0
DA:12,0
DA:13,0
DA:14,0
DA:17,0
DA:18,0
DA:19,0
DA:20,0
DA:21,0
DA:24,0
DA:25,0
DA:28,0
DA:29,0
DA:30,0
DA:31,0
DA:34,0
DA:35,0
DA:38,0
DA:39,0
DA:40,0
DA:41,0
DA:44,0
DA:45,0
DA:48,0
DA:49,0
DA:50,0
DA:51,0
DA:52,0
DA:55,0
DA:56,0
DA:57,0
DA:59,0
DA:60,0
DA:64,0
DA:65,0
DA:66,0
DA:67,0
DA:70,0
DA:71,0
DA:72,0
DA:75,0
DA:76,0
DA:77,0
DA:78,0
DA:81,0
DA:82,0
DA:83,0
DA:86,0
DA:87,0
DA:88,0
DA:89,0
DA:92,0
DA:93,0
DA:94,0
DA:97,0
DA:98,0
LF:61
LH:3
BRDA:12,0,0,0
BRDA:18,1,0,0
BRDA:30,2,0,0
BRDA:35,3,0,0
BRDA:35,3,1,0
BRDA:35,4,0,0
BRDA:35,4,1,0
BRDA:40,5,0,0
BRDA:45,6,0,0
BRDA:45,6,1,0
BRDA:45,7,0,0
BRDA:45,7,1,0
BRDA:51,8,0,0
BRDA:56,9,0,0
BRDA:56,9,1,0
BRDA:56,10,0,0
BRDA:56,10,1,0
BRDA:57,11,0,0
BRDA:57,11,1,0
BRDA:57,12,0,0
BRDA:57,12,1,0
BRDA:59,13,0,0
BRDA:59,14,0,0
BRDA:59,14,1,0
BRDA:59,15,0,0
BRDA:59,15,1,0
BRDA:66,16,0,0
BRDA:66,17,0,0
BRDA:66,17,1,0
BRDA:71,18,0,0
BRDA:71,18,1,0
BRDA:71,19,0,0
BRDA:71,19,1,0
BRDA:72,20,0,0
BRDA:72,20,1,0
BRDA:72,21,0,0
BRDA:72,21,1,0
BRDA:77,22,0,0
BRDA:82,23,0,0
BRDA:82,23,1,0
BRDA:82,24,0,0
BRDA:82,24,1,0
BRDA:83,25,0,0
BRDA:83,25,1,0
BRDA:83,26,0,0
BRDA:83,26,1,0
BRDA:88,27,0,0
BRDA:93,28,0,0
BRDA:93,28,1,0
BRDA:93,29,0,0
BRDA:93,29,1,0
BRDA:94,30,0,0
BRDA:94,30,1,0
BRDA:94,31,0,0
BRDA:94,31,1,0
BRF:55
BRH:0
end_of_record
TN:
SF:src\socket\io.ts
FN:20,(anonymous_1)
FN:30,(anonymous_2)
FN:43,(anonymous_3)
FN:58,(anonymous_4)
FNF:4
FNH:0
FNDA:0,(anonymous_1)
FNDA:0,(anonymous_2)
FNDA:0,(anonymous_3)
FNDA:0,(anonymous_4)
DA:1,3
DA:3,3
DA:4,3
DA:5,3
DA:12,3
DA:20,3
DA:21,0
DA:23,0
DA:24,0
DA:25,0
DA:29,0
DA:31,0
DA:32,0
DA:36,0
DA:38,0
DA:39,0
DA:40,0
DA:43,0
DA:44,0
DA:45,0
DA:48,0
DA:49,0
DA:50,0
DA:53,0
DA:58,3
DA:59,0
DA:60,0
LF:27
LH:7
BRDA:23,0,0,0
BRDA:38,1,0,0
BRDA:44,2,0,0
BRDA:48,3,0,0
BRDA:48,3,1,0
BRDA:48,4,0,0
BRDA:48,4,1,0
BRF:7
BRH:0
end_of_record
TN:
SF:src\utils\auth.ts
FN:14,(anonymous_1)
FN:21,(anonymous_2)
FN:28,(anonymous_3)
FNF:3
FNH:0
FNDA:0,(anonymous_1)
FNDA:0,(anonymous_2)
FNDA:0,(anonymous_3)
DA:1,3
DA:3,3
DA:4,3
DA:14,3
DA:15,0
DA:21,3
DA:22,0
DA:28,3
DA:29,0
DA:30,0
DA:33,0
LF:11
LH:6
BRF:0
BRH:0
end_of_record
